  Validating architecture
  Validating sources
  Copying sources remotely to '192.168.43.15'
  Starting remote build
  Compiling sources:
  AP_PID.cpp
  Autopilot.cpp
  Balance.cpp
  commander.cpp
  debug.cpp
  Direction.cpp
  Filter.cpp
  FilterTwoPole.cpp
C:\Users\tcool\Desktop\COPTER\pi_copterVS\pi_copterVS\FilterTwoPole.cpp(165,50): warning : conversion to ‘float’ from ‘double’ may alter its value [-Wfloat-conversion]
C:\Users\tcool\Desktop\COPTER\pi_copterVS\pi_copterVS\FilterTwoPole.cpp(173,24): warning : conversion to ‘float’ from ‘double’ may alter its value [-Wfloat-conversion]
C:\Users\tcool\Desktop\COPTER\pi_copterVS\pi_copterVS\FilterTwoPole.cpp(178,19): warning : ISO C++ forbids converting a string constant to ‘char*’ [-Wwrite-strings]
C:\Users\tcool\Desktop\COPTER\pi_copterVS\pi_copterVS\FilterTwoPole.cpp(178,42): warning : conversion to ‘char’ from ‘float’ may alter its value [-Wfloat-conversion]
C:\Users\tcool\Desktop\COPTER\pi_copterVS\pi_copterVS\FilterTwoPole.cpp(179,23): warning : ISO C++ forbids converting a string constant to ‘char*’ [-Wwrite-strings]
C:\Users\tcool\Desktop\COPTER\pi_copterVS\pi_copterVS\FilterTwoPole.cpp(179,46): warning : conversion to ‘char’ from ‘float’ may alter its value [-Wfloat-conversion]
C:\Users\tcool\Desktop\COPTER\pi_copterVS\pi_copterVS\FilterTwoPole.cpp(180,17): warning : ISO C++ forbids converting a string constant to ‘char*’ [-Wwrite-strings]
C:\Users\tcool\Desktop\COPTER\pi_copterVS\pi_copterVS\FilterTwoPole.cpp(184,26): warning : conversion to ‘float’ alters ‘double’ constant value [-Wfloat-conversion]
C:\Users\tcool\Desktop\COPTER\pi_copterVS\pi_copterVS\FilterTwoPole.cpp(185,45): warning : conversion to ‘float’ from ‘double’ may alter its value [-Wfloat-conversion]
C:\Users\tcool\Desktop\COPTER\pi_copterVS\pi_copterVS\FilterTwoPole.cpp(188,31): warning : conversion to ‘float’ alters ‘double’ constant value [-Wfloat-conversion]
C:\Users\tcool\Desktop\COPTER\pi_copterVS\pi_copterVS\FilterTwoPole.cpp(191,36): warning : conversion to ‘float’ from ‘double’ may alter its value [-Wfloat-conversion]
C:\Users\tcool\Desktop\COPTER\pi_copterVS\pi_copterVS\FilterTwoPole.cpp(206,31): warning : ISO C++ forbids converting a string constant to ‘char*’ [-Wwrite-strings]
C:\Users\tcool\Desktop\COPTER\pi_copterVS\pi_copterVS\FilterTwoPole.cpp(206,56): warning : conversion to ‘char’ from ‘float’ may alter its value [-Wfloat-conversion]
C:\Users\tcool\Desktop\COPTER\pi_copterVS\pi_copterVS\FilterTwoPole.cpp(207,30): warning : ISO C++ forbids converting a string constant to ‘char*’ [-Wwrite-strings]
C:\Users\tcool\Desktop\COPTER\pi_copterVS\pi_copterVS\FilterTwoPole.cpp(207,57): warning : conversion to ‘char’ from ‘float’ may alter its value [-Wfloat-conversion]
  FIND.cpp
  GeoDot.cpp
  GPS.cpp
  Hmc.cpp
  I2Cdev.cpp
C:\Users\tcool\Desktop\COPTER\pi_copterVS\pi_copterVS\I2Cdev.cpp(79,11): warning : conversion to ‘uint8_t {aka unsigned char}’ from ‘int’ may alter its value [-Wconversion]
C:\Users\tcool\Desktop\COPTER\pi_copterVS\pi_copterVS\I2Cdev.cpp(94,11): warning : conversion to ‘uint16_t {aka short unsigned int}’ from ‘int’ may alter its value [-Wconversion]
C:\Users\tcool\Desktop\COPTER\pi_copterVS\pi_copterVS\I2Cdev.cpp(115,69): warning : conversion to ‘uint8_t {aka unsigned char}’ from ‘int’ may alter its value [-Wconversion]
C:\Users\tcool\Desktop\COPTER\pi_copterVS\pi_copterVS\I2Cdev.cpp(117,11): warning : conversion to ‘uint8_t {aka unsigned char}’ from ‘int’ may alter its value [-Wconversion]
C:\Users\tcool\Desktop\COPTER\pi_copterVS\pi_copterVS\I2Cdev.cpp(141,70): warning : conversion to ‘uint16_t {aka short unsigned int}’ from ‘int’ may alter its value [-Wconversion]
C:\Users\tcool\Desktop\COPTER\pi_copterVS\pi_copterVS\I2Cdev.cpp(143,11): warning : conversion to ‘uint16_t {aka short unsigned int}’ from ‘int’ may alter its value [-Wconversion]
C:\Users\tcool\Desktop\COPTER\pi_copterVS\pi_copterVS\I2Cdev.cpp(200,11): warning : conversion to ‘int8_t {aka signed char}’ from ‘ssize_t {aka int}’ may alter its value [-Wconversion]
C:\Users\tcool\Desktop\COPTER\pi_copterVS\pi_copterVS\I2Cdev.cpp(243,7): warning : conversion to ‘uint8_t {aka unsigned char}’ from ‘int’ may alter its value [-Wconversion]
C:\Users\tcool\Desktop\COPTER\pi_copterVS\pi_copterVS\I2Cdev.cpp(243,7): warning : conversion to ‘uint8_t {aka unsigned char}’ from ‘int’ may alter its value [-Wconversion]
C:\Users\tcool\Desktop\COPTER\pi_copterVS\pi_copterVS\I2Cdev.cpp(257,7): warning : conversion to ‘uint16_t {aka short unsigned int}’ from ‘int’ may alter its value [-Wconversion]
C:\Users\tcool\Desktop\COPTER\pi_copterVS\pi_copterVS\I2Cdev.cpp(257,7): warning : conversion to ‘uint16_t {aka short unsigned int}’ from ‘int’ may alter its value [-Wconversion]
C:\Users\tcool\Desktop\COPTER\pi_copterVS\pi_copterVS\I2Cdev.cpp(279,69): warning : conversion to ‘uint8_t {aka unsigned char}’ from ‘int’ may alter its value [-Wconversion]
C:\Users\tcool\Desktop\COPTER\pi_copterVS\pi_copterVS\I2Cdev.cpp(280,14): warning : conversion to ‘uint8_t {aka unsigned char}’ from ‘int’ may alter its value [-Wconversion]
C:\Users\tcool\Desktop\COPTER\pi_copterVS\pi_copterVS\I2Cdev.cpp(282,11): warning : conversion to ‘uint8_t {aka unsigned char}’ from ‘int’ may alter its value [-Wconversion]
C:\Users\tcool\Desktop\COPTER\pi_copterVS\pi_copterVS\I2Cdev.cpp(308,69): warning : conversion to ‘uint8_t {aka unsigned char}’ from ‘int’ may alter its value [-Wconversion]
C:\Users\tcool\Desktop\COPTER\pi_copterVS\pi_copterVS\I2Cdev.cpp(309,14): warning : conversion to ‘uint16_t {aka short unsigned int}’ from ‘int’ may alter its value [-Wconversion]
C:\Users\tcool\Desktop\COPTER\pi_copterVS\pi_copterVS\I2Cdev.cpp(310,14): warning : conversion to ‘uint16_t {aka short unsigned int}’ from ‘int’ may alter its value [-Wconversion]
C:\Users\tcool\Desktop\COPTER\pi_copterVS\pi_copterVS\I2Cdev.cpp(311,11): warning : conversion to ‘uint16_t {aka short unsigned int}’ from ‘int’ may alter its value [-Wconversion]
C:\Users\tcool\Desktop\COPTER\pi_copterVS\pi_copterVS\I2Cdev.cpp(371,11): warning : conversion to ‘int8_t {aka signed char}’ from ‘ssize_t {aka int}’ may alter its value [-Wconversion]
C:\Users\tcool\Desktop\COPTER\pi_copterVS\pi_copterVS\I2Cdev.cpp(418,20): warning : conversion to ‘uint8_t {aka unsigned char}’ from ‘int’ may alter its value [-Wconversion]
C:\Users\tcool\Desktop\COPTER\pi_copterVS\pi_copterVS\I2Cdev.cpp(419,20): warning : conversion to ‘uint8_t {aka unsigned char}’ from ‘uint16_t {aka short unsigned int}’ may alter its value [-Wconversion]
C:\Users\tcool\Desktop\COPTER\pi_copterVS\pi_copterVS\I2Cdev.cpp(421,11): warning : conversion to ‘int8_t {aka signed char}’ from ‘ssize_t {aka int}’ may alter its value [-Wconversion]
  LED.cpp
  Location.cpp
C:\Users\tcool\Desktop\COPTER\pi_copterVS\pi_copterVS\Location.cpp(187,9): warning : conversion to ‘unsigned char’ from ‘int’ may alter its value [-Wconversion]
C:\Users\tcool\Desktop\COPTER\pi_copterVS\pi_copterVS\Location.cpp(188,9): warning : conversion to ‘unsigned char’ from ‘int’ may alter its value [-Wconversion]
C:\Users\tcool\Desktop\COPTER\pi_copterVS\pi_copterVS\Location.cpp(358,1): warning : no return statement in function returning non-void [-Wreturn-type]
  main.cpp
  mpu.cpp
C:\Users\tcool\Desktop\COPTER\pi_copterVS\pi_copterVS\define.h(21,18): warning : conversion to ‘float’ from ‘double’ may alter its value [-Wfloat-conversion]
C:\Users\tcool\Desktop\COPTER\pi_copterVS\pi_copterVS\mpu.cpp(385,6): warning : conversion to ‘int16_t {aka short int}’ from ‘int’ may alter its value [-Wconversion]
C:\Users\tcool\Desktop\COPTER\pi_copterVS\pi_copterVS\mpu.cpp(386,6): warning : conversion to ‘int16_t {aka short int}’ from ‘int’ may alter its value [-Wconversion]
C:\Users\tcool\Desktop\COPTER\pi_copterVS\pi_copterVS\mpu.cpp(387,6): warning : conversion to ‘int16_t {aka short int}’ from ‘int’ may alter its value [-Wconversion]
C:\Users\tcool\Desktop\COPTER\pi_copterVS\pi_copterVS\mpu.cpp(388,6): warning : conversion to ‘int16_t {aka short int}’ from ‘int’ may alter its value [-Wconversion]
C:\Users\tcool\Desktop\COPTER\pi_copterVS\pi_copterVS\mpu.cpp(673,22): warning : conversion to ‘int16_t {aka short int}’ from ‘int’ may alter its value [-Wconversion]
C:\Users\tcool\Desktop\COPTER\pi_copterVS\pi_copterVS\mpu.cpp(676,22): warning : conversion to ‘int16_t {aka short int}’ from ‘int’ may alter its value [-Wconversion]
C:\Users\tcool\Desktop\COPTER\pi_copterVS\pi_copterVS\mpu.cpp(679,22): warning : conversion to ‘int16_t {aka short int}’ from ‘int’ may alter its value [-Wconversion]
C:\Users\tcool\Desktop\COPTER\pi_copterVS\pi_copterVS\mpu.cpp(682,22): warning : conversion to ‘int16_t {aka short int}’ from ‘int’ may alter its value [-Wconversion]
C:\Users\tcool\Desktop\COPTER\pi_copterVS\pi_copterVS\mpu.cpp(685,22): warning : conversion to ‘int16_t {aka short int}’ from ‘int’ may alter its value [-Wconversion]
C:\Users\tcool\Desktop\COPTER\pi_copterVS\pi_copterVS\mpu.cpp(688,22): warning : conversion to ‘int16_t {aka short int}’ from ‘int’ may alter its value [-Wconversion]
C:\Users\tcool\Desktop\COPTER\pi_copterVS\pi_copterVS\mpu.cpp(28,20): warning : ‘const float f_constrain(float, float, float)’ defined but not used [-Wunused-function]
  MPU6050.cpp
C:\Users\tcool\Desktop\COPTER\pi_copterVS\pi_copterVS\MPU6050.cpp(256,51): warning : conversion to ‘uint8_t {aka unsigned char}’ from ‘int’ may alter its value [-Wconversion]
C:\Users\tcool\Desktop\COPTER\pi_copterVS\pi_copterVS\MPU6050.cpp(266,51): warning : conversion to ‘uint8_t {aka unsigned char}’ from ‘int’ may alter its value [-Wconversion]
C:\Users\tcool\Desktop\COPTER\pi_copterVS\pi_copterVS\MPU6050.cpp(275,46): warning : conversion to ‘uint8_t {aka unsigned char}’ from ‘int’ may alter its value [-Wconversion]
C:\Users\tcool\Desktop\COPTER\pi_copterVS\pi_copterVS\MPU6050.cpp(952,63): warning : conversion to ‘uint8_t {aka unsigned char}’ from ‘int’ may alter its value [-Wconversion]
C:\Users\tcool\Desktop\COPTER\pi_copterVS\pi_copterVS\MPU6050.cpp(963,65): warning : conversion to ‘uint8_t {aka unsigned char}’ from ‘int’ may alter its value [-Wconversion]
C:\Users\tcool\Desktop\COPTER\pi_copterVS\pi_copterVS\MPU6050.cpp(978,62): warning : conversion to ‘uint8_t {aka unsigned char}’ from ‘int’ may alter its value [-Wconversion]
C:\Users\tcool\Desktop\COPTER\pi_copterVS\pi_copterVS\MPU6050.cpp(989,60): warning : conversion to ‘uint8_t {aka unsigned char}’ from ‘int’ may alter its value [-Wconversion]
C:\Users\tcool\Desktop\COPTER\pi_copterVS\pi_copterVS\MPU6050.cpp(1000,86): warning : conversion to ‘uint8_t {aka unsigned char}’ from ‘int’ may alter its value [-Wconversion]
C:\Users\tcool\Desktop\COPTER\pi_copterVS\pi_copterVS\MPU6050.cpp(1011,88): warning : conversion to ‘uint8_t {aka unsigned char}’ from ‘int’ may alter its value [-Wconversion]
C:\Users\tcool\Desktop\COPTER\pi_copterVS\pi_copterVS\MPU6050.cpp(1026,91): warning : conversion to ‘uint8_t {aka unsigned char}’ from ‘int’ may alter its value [-Wconversion]
C:\Users\tcool\Desktop\COPTER\pi_copterVS\pi_copterVS\MPU6050.cpp(1037,93): warning : conversion to ‘uint8_t {aka unsigned char}’ from ‘int’ may alter its value [-Wconversion]
C:\Users\tcool\Desktop\COPTER\pi_copterVS\pi_copterVS\MPU6050.cpp(1051,91): warning : conversion to ‘uint8_t {aka unsigned char}’ from ‘int’ may alter its value [-Wconversion]
C:\Users\tcool\Desktop\COPTER\pi_copterVS\pi_copterVS\MPU6050.cpp(1062,90): warning : conversion to ‘uint8_t {aka unsigned char}’ from ‘int’ may alter its value [-Wconversion]
C:\Users\tcool\Desktop\COPTER\pi_copterVS\pi_copterVS\MPU6050.cpp(1077,87): warning : conversion to ‘uint8_t {aka unsigned char}’ from ‘int’ may alter its value [-Wconversion]
C:\Users\tcool\Desktop\COPTER\pi_copterVS\pi_copterVS\MPU6050.cpp(1088,89): warning : conversion to ‘uint8_t {aka unsigned char}’ from ‘int’ may alter its value [-Wconversion]
C:\Users\tcool\Desktop\COPTER\pi_copterVS\pi_copterVS\MPU6050.cpp(1099,116): warning : conversion to ‘uint8_t {aka unsigned char}’ from ‘int’ may alter its value [-Wconversion]
C:\Users\tcool\Desktop\COPTER\pi_copterVS\pi_copterVS\MPU6050.cpp(1110,117): warning : conversion to ‘uint8_t {aka unsigned char}’ from ‘int’ may alter its value [-Wconversion]
C:\Users\tcool\Desktop\COPTER\pi_copterVS\pi_copterVS\MPU6050.cpp(1785,9): warning : conversion to ‘int16_t {aka short int}’ from ‘int’ may alter its value [-Wconversion]
C:\Users\tcool\Desktop\COPTER\pi_copterVS\pi_copterVS\MPU6050.cpp(1786,9): warning : conversion to ‘int16_t {aka short int}’ from ‘int’ may alter its value [-Wconversion]
C:\Users\tcool\Desktop\COPTER\pi_copterVS\pi_copterVS\MPU6050.cpp(1787,9): warning : conversion to ‘int16_t {aka short int}’ from ‘int’ may alter its value [-Wconversion]
C:\Users\tcool\Desktop\COPTER\pi_copterVS\pi_copterVS\MPU6050.cpp(1788,9): warning : conversion to ‘int16_t {aka short int}’ from ‘int’ may alter its value [-Wconversion]
C:\Users\tcool\Desktop\COPTER\pi_copterVS\pi_copterVS\MPU6050.cpp(1789,9): warning : conversion to ‘int16_t {aka short int}’ from ‘int’ may alter its value [-Wconversion]
C:\Users\tcool\Desktop\COPTER\pi_copterVS\pi_copterVS\MPU6050.cpp(1790,9): warning : conversion to ‘int16_t {aka short int}’ from ‘int’ may alter its value [-Wconversion]
C:\Users\tcool\Desktop\COPTER\pi_copterVS\pi_copterVS\MPU6050.cpp(1830,8): warning : conversion to ‘int16_t {aka short int}’ from ‘int’ may alter its value [-Wconversion]
C:\Users\tcool\Desktop\COPTER\pi_copterVS\pi_copterVS\MPU6050.cpp(1831,8): warning : conversion to ‘int16_t {aka short int}’ from ‘int’ may alter its value [-Wconversion]
C:\Users\tcool\Desktop\COPTER\pi_copterVS\pi_copterVS\MPU6050.cpp(1832,8): warning : conversion to ‘int16_t {aka short int}’ from ‘int’ may alter its value [-Wconversion]
C:\Users\tcool\Desktop\COPTER\pi_copterVS\pi_copterVS\MPU6050.cpp(1841,50): warning : conversion to ‘int16_t {aka short int}’ from ‘int’ may alter its value [-Wconversion]
C:\Users\tcool\Desktop\COPTER\pi_copterVS\pi_copterVS\MPU6050.cpp(1850,50): warning : conversion to ‘int16_t {aka short int}’ from ‘int’ may alter its value [-Wconversion]
C:\Users\tcool\Desktop\COPTER\pi_copterVS\pi_copterVS\MPU6050.cpp(1859,50): warning : conversion to ‘int16_t {aka short int}’ from ‘int’ may alter its value [-Wconversion]
C:\Users\tcool\Desktop\COPTER\pi_copterVS\pi_copterVS\MPU6050.cpp(1870,50): warning : conversion to ‘int16_t {aka short int}’ from ‘int’ may alter its value [-Wconversion]
C:\Users\tcool\Desktop\COPTER\pi_copterVS\pi_copterVS\MPU6050.cpp(1909,8): warning : conversion to ‘int16_t {aka short int}’ from ‘int’ may alter its value [-Wconversion]
C:\Users\tcool\Desktop\COPTER\pi_copterVS\pi_copterVS\MPU6050.cpp(1910,8): warning : conversion to ‘int16_t {aka short int}’ from ‘int’ may alter its value [-Wconversion]
C:\Users\tcool\Desktop\COPTER\pi_copterVS\pi_copterVS\MPU6050.cpp(1911,8): warning : conversion to ‘int16_t {aka short int}’ from ‘int’ may alter its value [-Wconversion]
C:\Users\tcool\Desktop\COPTER\pi_copterVS\pi_copterVS\MPU6050.cpp(1920,50): warning : conversion to ‘int16_t {aka short int}’ from ‘int’ may alter its value [-Wconversion]
C:\Users\tcool\Desktop\COPTER\pi_copterVS\pi_copterVS\MPU6050.cpp(1929,50): warning : conversion to ‘int16_t {aka short int}’ from ‘int’ may alter its value [-Wconversion]
C:\Users\tcool\Desktop\COPTER\pi_copterVS\pi_copterVS\MPU6050.cpp(1938,50): warning : conversion to ‘int16_t {aka short int}’ from ‘int’ may alter its value [-Wconversion]
C:\Users\tcool\Desktop\COPTER\pi_copterVS\pi_copterVS\MPU6050.cpp(2018,69): warning : conversion to ‘uint8_t {aka unsigned char}’ from ‘int’ may alter its value [-Wconversion]
C:\Users\tcool\Desktop\COPTER\pi_copterVS\pi_copterVS\MPU6050.cpp(2027,73): warning : conversion to ‘uint8_t {aka unsigned char}’ from ‘int’ may alter its value [-Wconversion]
C:\Users\tcool\Desktop\COPTER\pi_copterVS\pi_copterVS\MPU6050.cpp(2028,51): warning : conversion to ‘uint16_t {aka short unsigned int}’ from ‘int’ may alter its value [-Wconversion]
C:\Users\tcool\Desktop\COPTER\pi_copterVS\pi_copterVS\MPU6050.cpp(2036,73): warning : conversion to ‘uint8_t {aka unsigned char}’ from ‘int’ may alter its value [-Wconversion]
C:\Users\tcool\Desktop\COPTER\pi_copterVS\pi_copterVS\MPU6050.cpp(2126,58): warning : conversion to ‘uint8_t {aka unsigned char}’ from ‘int’ may alter its value [-Wconversion]
C:\Users\tcool\Desktop\COPTER\pi_copterVS\pi_copterVS\MPU6050.cpp(2700,51): warning : conversion to ‘uint16_t {aka short unsigned int}’ from ‘int’ may alter its value [-Wconversion]
C:\Users\tcool\Desktop\COPTER\pi_copterVS\pi_copterVS\MPU6050.cpp(2844,50): warning : conversion to ‘int16_t {aka short int}’ from ‘int’ may alter its value [-Wconversion]
C:\Users\tcool\Desktop\COPTER\pi_copterVS\pi_copterVS\MPU6050.cpp(2854,50): warning : conversion to ‘int16_t {aka short int}’ from ‘int’ may alter its value [-Wconversion]
C:\Users\tcool\Desktop\COPTER\pi_copterVS\pi_copterVS\MPU6050.cpp(2864,50): warning : conversion to ‘int16_t {aka short int}’ from ‘int’ may alter its value [-Wconversion]
C:\Users\tcool\Desktop\COPTER\pi_copterVS\pi_copterVS\MPU6050.cpp(2874,50): warning : conversion to ‘int16_t {aka short int}’ from ‘int’ may alter its value [-Wconversion]
C:\Users\tcool\Desktop\COPTER\pi_copterVS\pi_copterVS\MPU6050.cpp(2884,50): warning : conversion to ‘int16_t {aka short int}’ from ‘int’ may alter its value [-Wconversion]
C:\Users\tcool\Desktop\COPTER\pi_copterVS\pi_copterVS\MPU6050.cpp(2894,50): warning : conversion to ‘int16_t {aka short int}’ from ‘int’ may alter its value [-Wconversion]
C:\Users\tcool\Desktop\COPTER\pi_copterVS\pi_copterVS\MPU6050.cpp(3001,49): warning : conversion to ‘uint8_t {aka unsigned char}’ from ‘int’ may alter its value [-Wconversion]
C:\Users\tcool\Desktop\COPTER\pi_copterVS\pi_copterVS\MPU6050.cpp(3004,50): warning : conversion to ‘uint8_t {aka unsigned char}’ from ‘int’ may alter its value [-Wconversion]
C:\Users\tcool\Desktop\COPTER\pi_copterVS\pi_copterVS\MPU6050.cpp(3010,11): warning : conversion to ‘uint16_t {aka short unsigned int}’ from ‘int’ may alter its value [-Wconversion]
C:\Users\tcool\Desktop\COPTER\pi_copterVS\pi_copterVS\MPU6050.cpp(3013,17): warning : conversion to ‘uint8_t {aka unsigned char}’ from ‘int’ may alter its value [-Wconversion]
C:\Users\tcool\Desktop\COPTER\pi_copterVS\pi_copterVS\MPU6050.cpp(3038,49): warning : conversion to ‘uint8_t {aka unsigned char}’ from ‘int’ may alter its value [-Wconversion]
C:\Users\tcool\Desktop\COPTER\pi_copterVS\pi_copterVS\MPU6050.cpp(3041,50): warning : conversion to ‘uint8_t {aka unsigned char}’ from ‘int’ may alter its value [-Wconversion]
C:\Users\tcool\Desktop\COPTER\pi_copterVS\pi_copterVS\MPU6050.cpp(3066,11): warning : conversion to ‘uint16_t {aka short unsigned int}’ from ‘int’ may alter its value [-Wconversion]
C:\Users\tcool\Desktop\COPTER\pi_copterVS\pi_copterVS\MPU6050.cpp(3069,17): warning : conversion to ‘uint8_t {aka unsigned char}’ from ‘int’ may alter its value [-Wconversion]
C:\Users\tcool\Desktop\COPTER\pi_copterVS\pi_copterVS\MPU6050.cpp(3117,15): warning : conversion to ‘uint16_t {aka short unsigned int}’ from ‘int’ may alter its value [-Wconversion]
C:\Users\tcool\Desktop\COPTER\pi_copterVS\pi_copterVS\MPU6050.cpp(3045,57): warning : ‘progBuffer’ may be used uninitialized in this function [-Wmaybe-uninitialized]
C:\Users\tcool\Desktop\COPTER\pi_copterVS\pi_copterVS\MPU6050.cpp(3027,14): warning : ‘verifyBuffer’ may be used uninitialized in this function [-Wmaybe-uninitialized]
  MS5611.cpp
C:\Users\tcool\Desktop\COPTER\pi_copterVS\pi_copterVS\MS5611.cpp(21,6): warning : conversion to ‘uint16_t {aka short unsigned int}’ from ‘int’ may alter its value [-Wconversion]
C:\Users\tcool\Desktop\COPTER\pi_copterVS\pi_copterVS\MS5611.cpp(69,53): warning : ISO C++ forbids converting a string constant to ‘char*’ [-Wwrite-strings]
C:\Users\tcool\Desktop\COPTER\pi_copterVS\pi_copterVS\MS5611.cpp(107,47): warning : conversion to ‘char’ from ‘int’ may alter its value [-Wconversion]
C:\Users\tcool\Desktop\COPTER\pi_copterVS\pi_copterVS\MS5611.cpp(107,8): warning : conversion to ‘uint16_t {aka short unsigned int}’ from ‘unsigned int’ may alter its value [-Wconversion]
C:\Users\tcool\Desktop\COPTER\pi_copterVS\pi_copterVS\MS5611.cpp(306,5): warning : conversion to ‘int64_t {aka long long int}’ from ‘double’ may alter its value [-Wfloat-conversion]
C:\Users\tcool\Desktop\COPTER\pi_copterVS\pi_copterVS\MS5611.cpp(307,48): warning : conversion to ‘double’ from ‘int64_t {aka long long int}’ may alter its value [-Wconversion]
C:\Users\tcool\Desktop\COPTER\pi_copterVS\pi_copterVS\MS5611.cpp(307,7): warning : conversion to ‘int32_t {aka int}’ from ‘double’ may alter its value [-Wfloat-conversion]
C:\Users\tcool\Desktop\COPTER\pi_copterVS\pi_copterVS\MS5611.cpp(309,57): warning : conversion to ‘double’ from ‘int64_t {aka long long int}’ may alter its value [-Wconversion]
C:\Users\tcool\Desktop\COPTER\pi_copterVS\pi_copterVS\MS5611.cpp(309,6): warning : conversion to ‘int64_t {aka long long int}’ from ‘double’ may alter its value [-Wfloat-conversion]
C:\Users\tcool\Desktop\COPTER\pi_copterVS\pi_copterVS\MS5611.cpp(310,56): warning : conversion to ‘double’ from ‘int64_t {aka long long int}’ may alter its value [-Wconversion]
C:\Users\tcool\Desktop\COPTER\pi_copterVS\pi_copterVS\MS5611.cpp(310,7): warning : conversion to ‘int64_t {aka long long int}’ from ‘double’ may alter its value [-Wfloat-conversion]
C:\Users\tcool\Desktop\COPTER\pi_copterVS\pi_copterVS\MS5611.cpp(321,6): warning : conversion to ‘int32_t {aka int}’ from ‘double’ may alter its value [-Wfloat-conversion]
C:\Users\tcool\Desktop\COPTER\pi_copterVS\pi_copterVS\MS5611.cpp(322,8): warning : conversion to ‘int64_t {aka long long int}’ from ‘double’ may alter its value [-Wfloat-conversion]
C:\Users\tcool\Desktop\COPTER\pi_copterVS\pi_copterVS\MS5611.cpp(323,9): warning : conversion to ‘int64_t {aka long long int}’ from ‘double’ may alter its value [-Wfloat-conversion]
C:\Users\tcool\Desktop\COPTER\pi_copterVS\pi_copterVS\MS5611.cpp(327,50): warning : conversion to ‘double’ from ‘int64_t {aka long long int}’ may alter its value [-Wconversion]
C:\Users\tcool\Desktop\COPTER\pi_copterVS\pi_copterVS\MS5611.cpp(327,9): warning : conversion to ‘int64_t {aka long long int}’ from ‘double’ may alter its value [-Wfloat-conversion]
C:\Users\tcool\Desktop\COPTER\pi_copterVS\pi_copterVS\MS5611.cpp(328,57): warning : conversion to ‘double’ from ‘int64_t {aka long long int}’ may alter its value [-Wconversion]
C:\Users\tcool\Desktop\COPTER\pi_copterVS\pi_copterVS\MS5611.cpp(328,10): warning : conversion to ‘int64_t {aka long long int}’ from ‘double’ may alter its value [-Wfloat-conversion]
C:\Users\tcool\Desktop\COPTER\pi_copterVS\pi_copterVS\MS5611.cpp(337,38): warning : conversion to ‘double’ from ‘int64_t {aka long long int}’ may alter its value [-Wconversion]
C:\Users\tcool\Desktop\COPTER\pi_copterVS\pi_copterVS\MS5611.cpp(337,42): warning : conversion to ‘double’ from ‘int64_t {aka long long int}’ may alter its value [-Wconversion]
C:\Users\tcool\Desktop\COPTER\pi_copterVS\pi_copterVS\MS5611.cpp(337,4): warning : conversion to ‘int32_t {aka int}’ from ‘double’ may alter its value [-Wfloat-conversion]
C:\Users\tcool\Desktop\COPTER\pi_copterVS\pi_copterVS\MS5611.cpp(341,12): warning : conversion to ‘float’ from ‘int32_t {aka int}’ may alter its value [-Wconversion]
C:\Users\tcool\Desktop\COPTER\pi_copterVS\pi_copterVS\MS5611.cpp(343,19): warning : conversion to ‘float’ from ‘int32_t {aka int}’ may alter its value [-Wconversion]
C:\Users\tcool\Desktop\COPTER\pi_copterVS\pi_copterVS\MS5611.cpp(343,11): warning : conversion to ‘float’ from ‘double’ may alter its value [-Wfloat-conversion]
C:\Users\tcool\Desktop\COPTER\pi_copterVS\pi_copterVS\MS5611.cpp(346,10): warning : conversion to ‘float’ alters ‘double’ constant value [-Wfloat-conversion]
C:\Users\tcool\Desktop\COPTER\pi_copterVS\pi_copterVS\MS5611.cpp(348,33): warning : conversion to ‘float’ from ‘double’ may alter its value [-Wfloat-conversion]
C:\Users\tcool\Desktop\COPTER\pi_copterVS\pi_copterVS\MS5611.cpp(350,49): warning : conversion to ‘float’ from ‘double’ may alter its value [-Wfloat-conversion]
C:\Users\tcool\Desktop\COPTER\pi_copterVS\pi_copterVS\MS5611.cpp(356,9): warning : conversion to ‘float’ from ‘double’ may alter its value [-Wfloat-conversion]
C:\Users\tcool\Desktop\COPTER\pi_copterVS\pi_copterVS\MS5611.cpp(366,54): warning : conversion to ‘float’ from ‘double’ may alter its value [-Wfloat-conversion]
  Prog.cpp
C:\Users\tcool\Desktop\COPTER\pi_copterVS\pi_copterVS\Prog.cpp(445,18): warning : conversion to ‘uint16_t {aka short unsigned int}’ from ‘int’ may alter its value [-Wconversion]
  Pwm.cpp
C:\Users\tcool\Desktop\COPTER\pi_copterVS\pi_copterVS\Pwm.cpp(189,19): warning : ignoring return value of ‘ssize_t write(int, const void*, size_t)’, declared with attribute warn_unused_result [-Wunused-result]
C:\Users\tcool\Desktop\COPTER\pi_copterVS\pi_copterVS\Pwm.cpp(251,30): warning : ignoring return value of ‘ssize_t write(int, const void*, size_t)’, declared with attribute warn_unused_result [-Wunused-result]
C:\Users\tcool\Desktop\COPTER\pi_copterVS\pi_copterVS\Pwm.cpp(258,31): warning : ignoring return value of ‘ssize_t read(int, void*, size_t)’, declared with attribute warn_unused_result [-Wunused-result]
  RC_Filter.cpp
  Settings.cpp
  Stabilization.cpp
  Telemetry.cpp
  Wi_Fi.cpp
  WProgram.cpp
  Linking objects
  pi_copterVS.vcxproj -> C:\Users\tcool\Desktop\COPTER\pi_copterVS\pi_copterVS\bin\ARM\Release\pi_copterVS.out
