  Validating architecture
  Validating sources
  Copying sources remotely to '192.168.1.155'
  Starting remote build
  Compiling sources:
  mpu.cpp
D:\Users\2cool\Desktop\COPTER\pi_copterVS\pi_copterVS\helper_3dmath.h(82,36): warning : conversion to ‘float’ from ‘double’ may alter its value [-Wfloat-conversion]
D:\Users\2cool\Desktop\COPTER\pi_copterVS\pi_copterVS\helper_3dmath.h(119,30): warning : conversion to ‘float’ from ‘double’ may alter its value [-Wfloat-conversion]
D:\Users\2cool\Desktop\COPTER\pi_copterVS\pi_copterVS\helper_3dmath.h(124,5): warning : conversion to ‘int16_t {aka short int}’ from ‘float’ may alter its value [-Wfloat-conversion]
D:\Users\2cool\Desktop\COPTER\pi_copterVS\pi_copterVS\helper_3dmath.h(125,5): warning : conversion to ‘int16_t {aka short int}’ from ‘float’ may alter its value [-Wfloat-conversion]
D:\Users\2cool\Desktop\COPTER\pi_copterVS\pi_copterVS\helper_3dmath.h(126,5): warning : conversion to ‘int16_t {aka short int}’ from ‘float’ may alter its value [-Wfloat-conversion]
D:\Users\2cool\Desktop\COPTER\pi_copterVS\pi_copterVS\helper_3dmath.h(155,5): warning : conversion to ‘int16_t {aka short int}’ from ‘float’ may alter its value [-Wfloat-conversion]
D:\Users\2cool\Desktop\COPTER\pi_copterVS\pi_copterVS\helper_3dmath.h(156,5): warning : conversion to ‘int16_t {aka short int}’ from ‘float’ may alter its value [-Wfloat-conversion]
D:\Users\2cool\Desktop\COPTER\pi_copterVS\pi_copterVS\helper_3dmath.h(157,5): warning : conversion to ‘int16_t {aka short int}’ from ‘float’ may alter its value [-Wfloat-conversion]
D:\Users\2cool\Desktop\COPTER\pi_copterVS\pi_copterVS\helper_3dmath.h(186,30): warning : conversion to ‘float’ from ‘double’ may alter its value [-Wfloat-conversion]
D:\Users\2cool\Desktop\COPTER\pi_copterVS\pi_copterVS\define.h(17,18): warning : conversion to ‘float’ from ‘double’ may alter its value [-Wfloat-conversion]
D:\Users\2cool\Desktop\COPTER\pi_copterVS\pi_copterVS\Hmc.h(111,42): message : in expansion of macro ‘RAD2GRAD’
D:\Users\2cool\Desktop\COPTER\pi_copterVS\pi_copterVS\mpu.cpp(50,10): warning : conversion to ‘float’ from ‘double’ may alter its value [-Wfloat-conversion]
D:\Users\2cool\Desktop\COPTER\pi_copterVS\pi_copterVS\mpu.cpp(51,9): warning : conversion to ‘float’ from ‘double’ may alter its value [-Wfloat-conversion]
D:\Users\2cool\Desktop\COPTER\pi_copterVS\pi_copterVS\define.h(17,18): warning : conversion to ‘float’ from ‘double’ may alter its value [-Wfloat-conversion]
D:\Users\2cool\Desktop\COPTER\pi_copterVS\pi_copterVS\mpu.cpp(245,40): message : in expansion of macro ‘RAD2GRAD’
D:\Users\2cool\Desktop\COPTER\pi_copterVS\pi_copterVS\mpu.cpp(302,20): warning : conversion to ‘float’ alters ‘double’ constant value [-Wfloat-conversion]
D:\Users\2cool\Desktop\COPTER\pi_copterVS\pi_copterVS\mpu.cpp(483,29): warning : conversion to ‘float’ from ‘double’ may alter its value [-Wfloat-conversion]
D:\Users\2cool\Desktop\COPTER\pi_copterVS\pi_copterVS\mpu.cpp(514,86): warning : conversion to ‘float’ from ‘double’ may alter its value [-Wfloat-conversion]
D:\Users\2cool\Desktop\COPTER\pi_copterVS\pi_copterVS\mpu.cpp(522,91): warning : conversion to ‘float’ from ‘double’ may alter its value [-Wfloat-conversion]
D:\Users\2cool\Desktop\COPTER\pi_copterVS\pi_copterVS\mpu.cpp(526,8): warning : conversion to ‘float’ from ‘double’ may alter its value [-Wfloat-conversion]
D:\Users\2cool\Desktop\COPTER\pi_copterVS\pi_copterVS\mpu.cpp(527,7): warning : conversion to ‘float’ from ‘double’ may alter its value [-Wfloat-conversion]
D:\Users\2cool\Desktop\COPTER\pi_copterVS\pi_copterVS\mpu.cpp(554,10): warning : conversion to ‘float’ from ‘double’ may alter its value [-Wfloat-conversion]
D:\Users\2cool\Desktop\COPTER\pi_copterVS\pi_copterVS\mpu.cpp(556,9): warning : conversion to ‘float’ from ‘double’ may alter its value [-Wfloat-conversion]
D:\Users\2cool\Desktop\COPTER\pi_copterVS\pi_copterVS\mpu.cpp(589,12): warning : conversion to ‘float’ from ‘double’ may alter its value [-Wfloat-conversion]
D:\Users\2cool\Desktop\COPTER\pi_copterVS\pi_copterVS\mpu.cpp(590,12): warning : conversion to ‘float’ from ‘double’ may alter its value [-Wfloat-conversion]
D:\Users\2cool\Desktop\COPTER\pi_copterVS\pi_copterVS\mpu.cpp(591,12): warning : conversion to ‘float’ from ‘double’ may alter its value [-Wfloat-conversion]
D:\Users\2cool\Desktop\COPTER\pi_copterVS\pi_copterVS\mpu.cpp(592,12): warning : conversion to ‘float’ from ‘double’ may alter its value [-Wfloat-conversion]
D:\Users\2cool\Desktop\COPTER\pi_copterVS\pi_copterVS\mpu.cpp(593,11): warning : conversion to ‘float’ from ‘double’ may alter its value [-Wfloat-conversion]
D:\Users\2cool\Desktop\COPTER\pi_copterVS\pi_copterVS\mpu.cpp(594,10): warning : conversion to ‘float’ from ‘double’ may alter its value [-Wfloat-conversion]
D:\Users\2cool\Desktop\COPTER\pi_copterVS\pi_copterVS\mpu.cpp(601,38): warning : conversion to ‘float’ from ‘double’ may alter its value [-Wfloat-conversion]
D:\Users\2cool\Desktop\COPTER\pi_copterVS\pi_copterVS\mpu.cpp(603,8): warning : conversion to ‘float’ from ‘double’ may alter its value [-Wfloat-conversion]
D:\Users\2cool\Desktop\COPTER\pi_copterVS\pi_copterVS\mpu.cpp(604,7): warning : conversion to ‘float’ from ‘double’ may alter its value [-Wfloat-conversion]
D:\Users\2cool\Desktop\COPTER\pi_copterVS\pi_copterVS\mpu.cpp(607,38): warning : conversion to ‘float’ from ‘double’ may alter its value [-Wfloat-conversion]
D:\Users\2cool\Desktop\COPTER\pi_copterVS\pi_copterVS\mpu.cpp(514,8): warning : unused variable ‘g_yaw1’ [-Wunused-variable]
D:\Users\2cool\Desktop\COPTER\pi_copterVS\pi_copterVS\mpu.cpp(32,20): warning : ‘const float f_constrain(float, float, float)’ defined but not used [-Wunused-function]
  Linking objects
  pi_copterVS.vcxproj -> D:\Users\2cool\Desktop\COPTER\pi_copterVS\pi_copterVS\bin\ARM\Debug\pi_copterVS.out
