  Validating architecture
  Validating sources
  Copying sources remotely to '192.168.1.103'
  Starting remote build
  Compiling sources:
  AP_PID.cpp
  Autopilot.cpp
D:\Users\2cool\Desktop\COPTER\pi_copterVS\pi_copterVS\Filter.h(10,20): warning : conversion to ‘float’ alters ‘double’ constant value [-Wfloat-conversion]
D:\Users\2cool\Desktop\COPTER\pi_copterVS\pi_copterVS\helper_3dmath.h(119,14): warning : conversion to ‘float’ from ‘__gnu_cxx::__enable_if<true, double>::__type {aka double}’ may alter its value [-Wfloat-conversion]
D:\Users\2cool\Desktop\COPTER\pi_copterVS\pi_copterVS\helper_3dmath.h(124,8): warning : conversion to ‘int16_t {aka short int}’ from ‘float’ may alter its value [-Wfloat-conversion]
D:\Users\2cool\Desktop\COPTER\pi_copterVS\pi_copterVS\helper_3dmath.h(125,8): warning : conversion to ‘int16_t {aka short int}’ from ‘float’ may alter its value [-Wfloat-conversion]
D:\Users\2cool\Desktop\COPTER\pi_copterVS\pi_copterVS\helper_3dmath.h(126,8): warning : conversion to ‘int16_t {aka short int}’ from ‘float’ may alter its value [-Wfloat-conversion]
D:\Users\2cool\Desktop\COPTER\pi_copterVS\pi_copterVS\helper_3dmath.h(155,9): warning : conversion to ‘int16_t {aka short int}’ from ‘float’ may alter its value [-Wfloat-conversion]
D:\Users\2cool\Desktop\COPTER\pi_copterVS\pi_copterVS\helper_3dmath.h(156,9): warning : conversion to ‘int16_t {aka short int}’ from ‘float’ may alter its value [-Wfloat-conversion]
D:\Users\2cool\Desktop\COPTER\pi_copterVS\pi_copterVS\helper_3dmath.h(157,9): warning : conversion to ‘int16_t {aka short int}’ from ‘float’ may alter its value [-Wfloat-conversion]
D:\Users\2cool\Desktop\COPTER\pi_copterVS\pi_copterVS\Hmc.h(111,41): warning : conversion to ‘float’ from ‘double’ may alter its value [-Wfloat-conversion]
D:\Users\2cool\Desktop\COPTER\pi_copterVS\pi_copterVS\Autopilot.cpp(94,20): warning : comparison between signed and unsigned integer expressions [-Wsign-compare]
D:\Users\2cool\Desktop\COPTER\pi_copterVS\pi_copterVS\Autopilot.cpp(130,34): warning : suggest parentheses around assignment used as truth value [-Wparentheses]
D:\Users\2cool\Desktop\COPTER\pi_copterVS\pi_copterVS\Autopilot.cpp(227,40): warning : conversion to ‘float’ from ‘double’ may alter its value [-Wfloat-conversion]
D:\Users\2cool\Desktop\COPTER\pi_copterVS\pi_copterVS\Autopilot.cpp(433,37): warning : conversion to ‘float’ from ‘double’ may alter its value [-Wfloat-conversion]
D:\Users\2cool\Desktop\COPTER\pi_copterVS\pi_copterVS\Autopilot.cpp(450,42): warning : conversion to ‘float’ from ‘double’ may alter its value [-Wfloat-conversion]
D:\Users\2cool\Desktop\COPTER\pi_copterVS\pi_copterVS\Autopilot.cpp(478,42): warning : conversion to ‘float’ from ‘double’ may alter its value [-Wfloat-conversion]
D:\Users\2cool\Desktop\COPTER\pi_copterVS\pi_copterVS\Autopilot.cpp(608,29): warning : unknown escape sequence: '\M'
D:\Users\2cool\Desktop\COPTER\pi_copterVS\pi_copterVS\Autopilot.cpp(718,30): warning : conversion to ‘float’ from ‘double’ may alter its value [-Wfloat-conversion]
  Balance.cpp
D:\Users\2cool\Desktop\COPTER\pi_copterVS\pi_copterVS\Hmc.h(111,41): warning : conversion to ‘float’ from ‘double’ may alter its value [-Wfloat-conversion]
D:\Users\2cool\Desktop\COPTER\pi_copterVS\pi_copterVS\Filter.h(10,20): warning : conversion to ‘float’ alters ‘double’ constant value [-Wfloat-conversion]
D:\Users\2cool\Desktop\COPTER\pi_copterVS\pi_copterVS\helper_3dmath.h(119,14): warning : conversion to ‘float’ from ‘__gnu_cxx::__enable_if<true, double>::__type {aka double}’ may alter its value [-Wfloat-conversion]
D:\Users\2cool\Desktop\COPTER\pi_copterVS\pi_copterVS\helper_3dmath.h(124,8): warning : conversion to ‘int16_t {aka short int}’ from ‘float’ may alter its value [-Wfloat-conversion]
D:\Users\2cool\Desktop\COPTER\pi_copterVS\pi_copterVS\helper_3dmath.h(125,8): warning : conversion to ‘int16_t {aka short int}’ from ‘float’ may alter its value [-Wfloat-conversion]
D:\Users\2cool\Desktop\COPTER\pi_copterVS\pi_copterVS\helper_3dmath.h(126,8): warning : conversion to ‘int16_t {aka short int}’ from ‘float’ may alter its value [-Wfloat-conversion]
D:\Users\2cool\Desktop\COPTER\pi_copterVS\pi_copterVS\helper_3dmath.h(155,9): warning : conversion to ‘int16_t {aka short int}’ from ‘float’ may alter its value [-Wfloat-conversion]
D:\Users\2cool\Desktop\COPTER\pi_copterVS\pi_copterVS\helper_3dmath.h(156,9): warning : conversion to ‘int16_t {aka short int}’ from ‘float’ may alter its value [-Wfloat-conversion]
D:\Users\2cool\Desktop\COPTER\pi_copterVS\pi_copterVS\helper_3dmath.h(157,9): warning : conversion to ‘int16_t {aka short int}’ from ‘float’ may alter its value [-Wfloat-conversion]
D:\Users\2cool\Desktop\COPTER\pi_copterVS\pi_copterVS\define.h(116,23): warning : conversion to ‘float’ alters ‘double’ constant value [-Wfloat-conversion]
D:\Users\2cool\Desktop\COPTER\pi_copterVS\pi_copterVS\Balance.cpp(91,13): message : in expansion of macro ‘MIN_THROTTLE_’
D:\Users\2cool\Desktop\COPTER\pi_copterVS\pi_copterVS\Balance.cpp(103,31): warning : conversion to ‘float’ alters ‘double’ constant value [-Wfloat-conversion]
D:\Users\2cool\Desktop\COPTER\pi_copterVS\pi_copterVS\Balance.cpp(104,31): warning : conversion to ‘float’ alters ‘double’ constant value [-Wfloat-conversion]
D:\Users\2cool\Desktop\COPTER\pi_copterVS\pi_copterVS\Balance.cpp(105,31): warning : conversion to ‘float’ alters ‘double’ constant value [-Wfloat-conversion]
D:\Users\2cool\Desktop\COPTER\pi_copterVS\pi_copterVS\Balance.cpp(107,30): warning : conversion to ‘float’ alters ‘double’ constant value [-Wfloat-conversion]
D:\Users\2cool\Desktop\COPTER\pi_copterVS\pi_copterVS\Balance.cpp(108,30): warning : conversion to ‘float’ alters ‘double’ constant value [-Wfloat-conversion]
D:\Users\2cool\Desktop\COPTER\pi_copterVS\pi_copterVS\Balance.cpp(109,30): warning : conversion to ‘float’ alters ‘double’ constant value [-Wfloat-conversion]
D:\Users\2cool\Desktop\COPTER\pi_copterVS\pi_copterVS\Balance.cpp(115,29): warning : conversion to ‘float’ alters ‘double’ constant value [-Wfloat-conversion]
D:\Users\2cool\Desktop\COPTER\pi_copterVS\pi_copterVS\Balance.cpp(120,25): warning : conversion to ‘float’ from ‘double’ may alter its value [-Wfloat-conversion]
D:\Users\2cool\Desktop\COPTER\pi_copterVS\pi_copterVS\WProgram.h(41,45): warning : conversion to ‘float’ alters ‘double’ constant value [-Wfloat-conversion]
D:\Users\2cool\Desktop\COPTER\pi_copterVS\pi_copterVS\Balance.cpp(205,15): message : in expansion of macro ‘constrain’
D:\Users\2cool\Desktop\COPTER\pi_copterVS\pi_copterVS\WProgram.h(41,45): warning : conversion to ‘float’ from ‘double’ may alter its value [-Wfloat-conversion]
D:\Users\2cool\Desktop\COPTER\pi_copterVS\pi_copterVS\Balance.cpp(205,15): message : in expansion of macro ‘constrain’
D:\Users\2cool\Desktop\COPTER\pi_copterVS\pi_copterVS\Balance.cpp(235,60): warning : conversion to ‘float’ from ‘double’ may alter its value [-Wfloat-conversion]
D:\Users\2cool\Desktop\COPTER\pi_copterVS\pi_copterVS\WProgram.h(41,45): warning : conversion to ‘float’ alters ‘double’ constant value [-Wfloat-conversion]
D:\Users\2cool\Desktop\COPTER\pi_copterVS\pi_copterVS\Balance.cpp(276,31): message : in expansion of macro ‘constrain’
D:\Users\2cool\Desktop\COPTER\pi_copterVS\pi_copterVS\WProgram.h(41,45): warning : conversion to ‘float’ alters ‘double’ constant value [-Wfloat-conversion]
D:\Users\2cool\Desktop\COPTER\pi_copterVS\pi_copterVS\Balance.cpp(276,31): message : in expansion of macro ‘constrain’
D:\Users\2cool\Desktop\COPTER\pi_copterVS\pi_copterVS\WProgram.h(41,45): warning : conversion to ‘float’ from ‘double’ may alter its value [-Wfloat-conversion]
D:\Users\2cool\Desktop\COPTER\pi_copterVS\pi_copterVS\Balance.cpp(276,31): message : in expansion of macro ‘constrain’
D:\Users\2cool\Desktop\COPTER\pi_copterVS\pi_copterVS\WProgram.h(41,45): warning : conversion to ‘float’ alters ‘double’ constant value [-Wfloat-conversion]
D:\Users\2cool\Desktop\COPTER\pi_copterVS\pi_copterVS\Balance.cpp(277,31): message : in expansion of macro ‘constrain’
D:\Users\2cool\Desktop\COPTER\pi_copterVS\pi_copterVS\WProgram.h(41,45): warning : conversion to ‘float’ from ‘double’ may alter its value [-Wfloat-conversion]
D:\Users\2cool\Desktop\COPTER\pi_copterVS\pi_copterVS\Balance.cpp(277,31): message : in expansion of macro ‘constrain’
D:\Users\2cool\Desktop\COPTER\pi_copterVS\pi_copterVS\Balance.cpp(286,25): warning : conversion to ‘float’ from ‘double’ may alter its value [-Wfloat-conversion]
  commander.cpp
D:\Users\2cool\Desktop\COPTER\pi_copterVS\pi_copterVS\Filter.h(10,20): warning : conversion to ‘float’ alters ‘double’ constant value [-Wfloat-conversion]
D:\Users\2cool\Desktop\COPTER\pi_copterVS\pi_copterVS\helper_3dmath.h(119,14): warning : conversion to ‘float’ from ‘__gnu_cxx::__enable_if<true, double>::__type {aka double}’ may alter its value [-Wfloat-conversion]
D:\Users\2cool\Desktop\COPTER\pi_copterVS\pi_copterVS\helper_3dmath.h(124,8): warning : conversion to ‘int16_t {aka short int}’ from ‘float’ may alter its value [-Wfloat-conversion]
D:\Users\2cool\Desktop\COPTER\pi_copterVS\pi_copterVS\helper_3dmath.h(125,8): warning : conversion to ‘int16_t {aka short int}’ from ‘float’ may alter its value [-Wfloat-conversion]
D:\Users\2cool\Desktop\COPTER\pi_copterVS\pi_copterVS\helper_3dmath.h(126,8): warning : conversion to ‘int16_t {aka short int}’ from ‘float’ may alter its value [-Wfloat-conversion]
D:\Users\2cool\Desktop\COPTER\pi_copterVS\pi_copterVS\helper_3dmath.h(155,9): warning : conversion to ‘int16_t {aka short int}’ from ‘float’ may alter its value [-Wfloat-conversion]
D:\Users\2cool\Desktop\COPTER\pi_copterVS\pi_copterVS\helper_3dmath.h(156,9): warning : conversion to ‘int16_t {aka short int}’ from ‘float’ may alter its value [-Wfloat-conversion]
D:\Users\2cool\Desktop\COPTER\pi_copterVS\pi_copterVS\helper_3dmath.h(157,9): warning : conversion to ‘int16_t {aka short int}’ from ‘float’ may alter its value [-Wfloat-conversion]
D:\Users\2cool\Desktop\COPTER\pi_copterVS\pi_copterVS\Hmc.h(111,41): warning : conversion to ‘float’ from ‘double’ may alter its value [-Wfloat-conversion]
  debug.cpp
D:\Users\2cool\Desktop\COPTER\pi_copterVS\pi_copterVS\Filter.h(10,20): warning : conversion to ‘float’ alters ‘double’ constant value [-Wfloat-conversion]
D:\Users\2cool\Desktop\COPTER\pi_copterVS\pi_copterVS\helper_3dmath.h(119,14): warning : conversion to ‘float’ from ‘__gnu_cxx::__enable_if<true, double>::__type {aka double}’ may alter its value [-Wfloat-conversion]
D:\Users\2cool\Desktop\COPTER\pi_copterVS\pi_copterVS\helper_3dmath.h(124,8): warning : conversion to ‘int16_t {aka short int}’ from ‘float’ may alter its value [-Wfloat-conversion]
D:\Users\2cool\Desktop\COPTER\pi_copterVS\pi_copterVS\helper_3dmath.h(125,8): warning : conversion to ‘int16_t {aka short int}’ from ‘float’ may alter its value [-Wfloat-conversion]
D:\Users\2cool\Desktop\COPTER\pi_copterVS\pi_copterVS\helper_3dmath.h(126,8): warning : conversion to ‘int16_t {aka short int}’ from ‘float’ may alter its value [-Wfloat-conversion]
D:\Users\2cool\Desktop\COPTER\pi_copterVS\pi_copterVS\helper_3dmath.h(155,9): warning : conversion to ‘int16_t {aka short int}’ from ‘float’ may alter its value [-Wfloat-conversion]
D:\Users\2cool\Desktop\COPTER\pi_copterVS\pi_copterVS\helper_3dmath.h(156,9): warning : conversion to ‘int16_t {aka short int}’ from ‘float’ may alter its value [-Wfloat-conversion]
D:\Users\2cool\Desktop\COPTER\pi_copterVS\pi_copterVS\helper_3dmath.h(157,9): warning : conversion to ‘int16_t {aka short int}’ from ‘float’ may alter its value [-Wfloat-conversion]
D:\Users\2cool\Desktop\COPTER\pi_copterVS\pi_copterVS\debug.cpp(53,29): warning : conversion to ‘float’ from ‘double’ may alter its value [-Wfloat-conversion]
D:\Users\2cool\Desktop\COPTER\pi_copterVS\pi_copterVS\debug.cpp(54,29): warning : conversion to ‘float’ from ‘double’ may alter its value [-Wfloat-conversion]
D:\Users\2cool\Desktop\COPTER\pi_copterVS\pi_copterVS\debug.cpp(72,31): warning : conversion to ‘float’ from ‘double’ may alter its value [-Wfloat-conversion]
D:\Users\2cool\Desktop\COPTER\pi_copterVS\pi_copterVS\debug.cpp(73,31): warning : conversion to ‘float’ from ‘double’ may alter its value [-Wfloat-conversion]
D:\Users\2cool\Desktop\COPTER\pi_copterVS\pi_copterVS\debug.cpp(74,31): warning : conversion to ‘float’ from ‘double’ may alter its value [-Wfloat-conversion]
D:\Users\2cool\Desktop\COPTER\pi_copterVS\pi_copterVS\debug.cpp(84,21): warning : comparison between signed and unsigned integer expressions [-Wsign-compare]
  Direction.cpp
  Filter.cpp
D:\Users\2cool\Desktop\COPTER\pi_copterVS\pi_copterVS\Filter.h(10,20): warning : conversion to ‘float’ alters ‘double’ constant value [-Wfloat-conversion]
  FIND.cpp
D:\Users\2cool\Desktop\COPTER\pi_copterVS\pi_copterVS\FIND.cpp(13,9): warning : comparison between signed and unsigned integer expressions [-Wsign-compare]
  GeoDot.cpp
  GPS.cpp
D:\Users\2cool\Desktop\COPTER\pi_copterVS\pi_copterVS\Hmc.h(111,41): warning : conversion to ‘float’ from ‘double’ may alter its value [-Wfloat-conversion]
D:\Users\2cool\Desktop\COPTER\pi_copterVS\pi_copterVS\Filter.h(10,20): warning : conversion to ‘float’ alters ‘double’ constant value [-Wfloat-conversion]
D:\Users\2cool\Desktop\COPTER\pi_copterVS\pi_copterVS\helper_3dmath.h(119,14): warning : conversion to ‘float’ from ‘__gnu_cxx::__enable_if<true, double>::__type {aka double}’ may alter its value [-Wfloat-conversion]
D:\Users\2cool\Desktop\COPTER\pi_copterVS\pi_copterVS\helper_3dmath.h(124,8): warning : conversion to ‘int16_t {aka short int}’ from ‘float’ may alter its value [-Wfloat-conversion]
D:\Users\2cool\Desktop\COPTER\pi_copterVS\pi_copterVS\helper_3dmath.h(125,8): warning : conversion to ‘int16_t {aka short int}’ from ‘float’ may alter its value [-Wfloat-conversion]
D:\Users\2cool\Desktop\COPTER\pi_copterVS\pi_copterVS\helper_3dmath.h(126,8): warning : conversion to ‘int16_t {aka short int}’ from ‘float’ may alter its value [-Wfloat-conversion]
D:\Users\2cool\Desktop\COPTER\pi_copterVS\pi_copterVS\helper_3dmath.h(155,9): warning : conversion to ‘int16_t {aka short int}’ from ‘float’ may alter its value [-Wfloat-conversion]
D:\Users\2cool\Desktop\COPTER\pi_copterVS\pi_copterVS\helper_3dmath.h(156,9): warning : conversion to ‘int16_t {aka short int}’ from ‘float’ may alter its value [-Wfloat-conversion]
D:\Users\2cool\Desktop\COPTER\pi_copterVS\pi_copterVS\helper_3dmath.h(157,9): warning : conversion to ‘int16_t {aka short int}’ from ‘float’ may alter its value [-Wfloat-conversion]
  Hmc.cpp
D:\Users\2cool\Desktop\COPTER\pi_copterVS\pi_copterVS\Hmc.h(111,41): warning : conversion to ‘float’ from ‘double’ may alter its value [-Wfloat-conversion]
D:\Users\2cool\Desktop\COPTER\pi_copterVS\pi_copterVS\Filter.h(10,20): warning : conversion to ‘float’ alters ‘double’ constant value [-Wfloat-conversion]
D:\Users\2cool\Desktop\COPTER\pi_copterVS\pi_copterVS\helper_3dmath.h(119,14): warning : conversion to ‘float’ from ‘__gnu_cxx::__enable_if<true, double>::__type {aka double}’ may alter its value [-Wfloat-conversion]
D:\Users\2cool\Desktop\COPTER\pi_copterVS\pi_copterVS\helper_3dmath.h(124,8): warning : conversion to ‘int16_t {aka short int}’ from ‘float’ may alter its value [-Wfloat-conversion]
D:\Users\2cool\Desktop\COPTER\pi_copterVS\pi_copterVS\helper_3dmath.h(125,8): warning : conversion to ‘int16_t {aka short int}’ from ‘float’ may alter its value [-Wfloat-conversion]
D:\Users\2cool\Desktop\COPTER\pi_copterVS\pi_copterVS\helper_3dmath.h(126,8): warning : conversion to ‘int16_t {aka short int}’ from ‘float’ may alter its value [-Wfloat-conversion]
D:\Users\2cool\Desktop\COPTER\pi_copterVS\pi_copterVS\helper_3dmath.h(155,9): warning : conversion to ‘int16_t {aka short int}’ from ‘float’ may alter its value [-Wfloat-conversion]
D:\Users\2cool\Desktop\COPTER\pi_copterVS\pi_copterVS\helper_3dmath.h(156,9): warning : conversion to ‘int16_t {aka short int}’ from ‘float’ may alter its value [-Wfloat-conversion]
D:\Users\2cool\Desktop\COPTER\pi_copterVS\pi_copterVS\helper_3dmath.h(157,9): warning : conversion to ‘int16_t {aka short int}’ from ‘float’ may alter its value [-Wfloat-conversion]
D:\Users\2cool\Desktop\COPTER\pi_copterVS\pi_copterVS\Hmc.cpp(314,36): warning : conversion to ‘int16_t {aka short int}’ from ‘int’ may alter its value [-Wconversion]
D:\Users\2cool\Desktop\COPTER\pi_copterVS\pi_copterVS\Hmc.cpp(315,36): warning : conversion to ‘int16_t {aka short int}’ from ‘int’ may alter its value [-Wconversion]
D:\Users\2cool\Desktop\COPTER\pi_copterVS\pi_copterVS\Hmc.cpp(316,36): warning : conversion to ‘int16_t {aka short int}’ from ‘int’ may alter its value [-Wconversion]
  I2Cdev.cpp
D:\Users\2cool\Desktop\COPTER\pi_copterVS\pi_copterVS\Filter.h(10,20): warning : conversion to ‘float’ alters ‘double’ constant value [-Wfloat-conversion]
D:\Users\2cool\Desktop\COPTER\pi_copterVS\pi_copterVS\helper_3dmath.h(119,14): warning : conversion to ‘float’ from ‘__gnu_cxx::__enable_if<true, double>::__type {aka double}’ may alter its value [-Wfloat-conversion]
D:\Users\2cool\Desktop\COPTER\pi_copterVS\pi_copterVS\helper_3dmath.h(124,8): warning : conversion to ‘int16_t {aka short int}’ from ‘float’ may alter its value [-Wfloat-conversion]
D:\Users\2cool\Desktop\COPTER\pi_copterVS\pi_copterVS\helper_3dmath.h(125,8): warning : conversion to ‘int16_t {aka short int}’ from ‘float’ may alter its value [-Wfloat-conversion]
D:\Users\2cool\Desktop\COPTER\pi_copterVS\pi_copterVS\helper_3dmath.h(126,8): warning : conversion to ‘int16_t {aka short int}’ from ‘float’ may alter its value [-Wfloat-conversion]
D:\Users\2cool\Desktop\COPTER\pi_copterVS\pi_copterVS\helper_3dmath.h(155,9): warning : conversion to ‘int16_t {aka short int}’ from ‘float’ may alter its value [-Wfloat-conversion]
D:\Users\2cool\Desktop\COPTER\pi_copterVS\pi_copterVS\helper_3dmath.h(156,9): warning : conversion to ‘int16_t {aka short int}’ from ‘float’ may alter its value [-Wfloat-conversion]
D:\Users\2cool\Desktop\COPTER\pi_copterVS\pi_copterVS\helper_3dmath.h(157,9): warning : conversion to ‘int16_t {aka short int}’ from ‘float’ may alter its value [-Wfloat-conversion]
D:\Users\2cool\Desktop\COPTER\pi_copterVS\pi_copterVS\I2Cdev.cpp(79,15): warning : conversion to ‘uint8_t {aka unsigned char}’ from ‘int’ may alter its value [-Wconversion]
D:\Users\2cool\Desktop\COPTER\pi_copterVS\pi_copterVS\I2Cdev.cpp(94,15): warning : conversion to ‘uint16_t {aka short unsigned int}’ from ‘int’ may alter its value [-Wconversion]
D:\Users\2cool\Desktop\COPTER\pi_copterVS\pi_copterVS\I2Cdev.cpp(115,44): warning : conversion to ‘uint8_t {aka unsigned char}’ from ‘int’ may alter its value [-Wconversion]
D:\Users\2cool\Desktop\COPTER\pi_copterVS\pi_copterVS\I2Cdev.cpp(117,37): warning : conversion to ‘uint8_t {aka unsigned char}’ from ‘int’ may alter its value [-Wconversion]
D:\Users\2cool\Desktop\COPTER\pi_copterVS\pi_copterVS\I2Cdev.cpp(141,45): warning : conversion to ‘uint16_t {aka short unsigned int}’ from ‘int’ may alter its value [-Wconversion]
D:\Users\2cool\Desktop\COPTER\pi_copterVS\pi_copterVS\I2Cdev.cpp(143,37): warning : conversion to ‘uint16_t {aka short unsigned int}’ from ‘int’ may alter its value [-Wconversion]
D:\Users\2cool\Desktop\COPTER\pi_copterVS\pi_copterVS\I2Cdev.cpp(200,17): warning : conversion to ‘int8_t {aka signed char}’ from ‘ssize_t {aka long int}’ may alter its value [-Wconversion]
D:\Users\2cool\Desktop\COPTER\pi_copterVS\pi_copterVS\I2Cdev.cpp(243,21): warning : conversion to ‘uint8_t {aka unsigned char}’ from ‘int’ may alter its value [-Wconversion]
D:\Users\2cool\Desktop\COPTER\pi_copterVS\pi_copterVS\I2Cdev.cpp(243,21): warning : conversion to ‘uint8_t {aka unsigned char}’ from ‘int’ may alter its value [-Wconversion]
D:\Users\2cool\Desktop\COPTER\pi_copterVS\pi_copterVS\I2Cdev.cpp(257,21): warning : conversion to ‘uint16_t {aka short unsigned int}’ from ‘int’ may alter its value [-Wconversion]
D:\Users\2cool\Desktop\COPTER\pi_copterVS\pi_copterVS\I2Cdev.cpp(257,21): warning : conversion to ‘uint16_t {aka short unsigned int}’ from ‘int’ may alter its value [-Wconversion]
D:\Users\2cool\Desktop\COPTER\pi_copterVS\pi_copterVS\I2Cdev.cpp(279,44): warning : conversion to ‘uint8_t {aka unsigned char}’ from ‘int’ may alter its value [-Wconversion]
D:\Users\2cool\Desktop\COPTER\pi_copterVS\pi_copterVS\I2Cdev.cpp(280,40): warning : conversion to ‘uint8_t {aka unsigned char}’ from ‘int’ may alter its value [-Wconversion]
D:\Users\2cool\Desktop\COPTER\pi_copterVS\pi_copterVS\I2Cdev.cpp(282,20): warning : conversion to ‘uint8_t {aka unsigned char}’ from ‘int’ may alter its value [-Wconversion]
D:\Users\2cool\Desktop\COPTER\pi_copterVS\pi_copterVS\I2Cdev.cpp(308,44): warning : conversion to ‘uint8_t {aka unsigned char}’ from ‘int’ may alter its value [-Wconversion]
D:\Users\2cool\Desktop\COPTER\pi_copterVS\pi_copterVS\I2Cdev.cpp(309,40): warning : conversion to ‘uint16_t {aka short unsigned int}’ from ‘int’ may alter its value [-Wconversion]
D:\Users\2cool\Desktop\COPTER\pi_copterVS\pi_copterVS\I2Cdev.cpp(310,17): warning : conversion to ‘uint16_t {aka short unsigned int}’ from ‘int’ may alter its value [-Wconversion]
D:\Users\2cool\Desktop\COPTER\pi_copterVS\pi_copterVS\I2Cdev.cpp(311,20): warning : conversion to ‘uint16_t {aka short unsigned int}’ from ‘int’ may alter its value [-Wconversion]
D:\Users\2cool\Desktop\COPTER\pi_copterVS\pi_copterVS\I2Cdev.cpp(371,18): warning : conversion to ‘int8_t {aka signed char}’ from ‘ssize_t {aka long int}’ may alter its value [-Wconversion]
D:\Users\2cool\Desktop\COPTER\pi_copterVS\pi_copterVS\I2Cdev.cpp(418,30): warning : conversion to ‘uint8_t {aka unsigned char}’ from ‘int’ may alter its value [-Wconversion]
D:\Users\2cool\Desktop\COPTER\pi_copterVS\pi_copterVS\I2Cdev.cpp(419,28): warning : conversion to ‘uint8_t {aka unsigned char}’ from ‘uint16_t {aka short unsigned int}’ may alter its value [-Wconversion]
D:\Users\2cool\Desktop\COPTER\pi_copterVS\pi_copterVS\I2Cdev.cpp(421,18): warning : conversion to ‘int8_t {aka signed char}’ from ‘ssize_t {aka long int}’ may alter its value [-Wconversion]
  inv_mpu.cpp
D:\Users\2cool\Desktop\COPTER\pi_copterVS\pi_copterVS\inv_mpu.cpp(678,58): warning : conversion to ‘uint8_t {aka unsigned char}’ from ‘int’ may alter its value [-Wconversion]
D:\Users\2cool\Desktop\COPTER\pi_copterVS\pi_copterVS\inv_mpu.cpp(859,25): warning : conversion to ‘uint8_t {aka unsigned char}’ from ‘int’ may alter its value [-Wconversion]
D:\Users\2cool\Desktop\COPTER\pi_copterVS\pi_copterVS\inv_mpu.cpp(912,26): warning : conversion to ‘int16_t {aka short int}’ from ‘int’ may alter its value [-Wconversion]
D:\Users\2cool\Desktop\COPTER\pi_copterVS\pi_copterVS\inv_mpu.cpp(913,26): warning : conversion to ‘int16_t {aka short int}’ from ‘int’ may alter its value [-Wconversion]
D:\Users\2cool\Desktop\COPTER\pi_copterVS\pi_copterVS\inv_mpu.cpp(914,26): warning : conversion to ‘int16_t {aka short int}’ from ‘int’ may alter its value [-Wconversion]
D:\Users\2cool\Desktop\COPTER\pi_copterVS\pi_copterVS\inv_mpu.cpp(932,26): warning : conversion to ‘int16_t {aka short int}’ from ‘int’ may alter its value [-Wconversion]
D:\Users\2cool\Desktop\COPTER\pi_copterVS\pi_copterVS\inv_mpu.cpp(933,26): warning : conversion to ‘int16_t {aka short int}’ from ‘int’ may alter its value [-Wconversion]
D:\Users\2cool\Desktop\COPTER\pi_copterVS\pi_copterVS\inv_mpu.cpp(934,26): warning : conversion to ‘int16_t {aka short int}’ from ‘int’ may alter its value [-Wconversion]
D:\Users\2cool\Desktop\COPTER\pi_copterVS\pi_copterVS\inv_mpu.cpp(953,22): warning : conversion to ‘int16_t {aka short int}’ from ‘int’ may alter its value [-Wconversion]
D:\Users\2cool\Desktop\COPTER\pi_copterVS\pi_copterVS\inv_mpu.cpp(991,41): warning : conversion to ‘int16_t {aka short int}’ from ‘int’ may alter its value [-Wconversion]
D:\Users\2cool\Desktop\COPTER\pi_copterVS\pi_copterVS\inv_mpu.cpp(992,41): warning : conversion to ‘int16_t {aka short int}’ from ‘int’ may alter its value [-Wconversion]
D:\Users\2cool\Desktop\COPTER\pi_copterVS\pi_copterVS\inv_mpu.cpp(993,41): warning : conversion to ‘int16_t {aka short int}’ from ‘int’ may alter its value [-Wconversion]
D:\Users\2cool\Desktop\COPTER\pi_copterVS\pi_copterVS\inv_mpu.cpp(995,28): warning : conversion to ‘int16_t {aka short int}’ from ‘int’ may alter its value [-Wconversion]
D:\Users\2cool\Desktop\COPTER\pi_copterVS\pi_copterVS\inv_mpu.cpp(996,28): warning : conversion to ‘int16_t {aka short int}’ from ‘int’ may alter its value [-Wconversion]
D:\Users\2cool\Desktop\COPTER\pi_copterVS\pi_copterVS\inv_mpu.cpp(997,28): warning : conversion to ‘int16_t {aka short int}’ from ‘int’ may alter its value [-Wconversion]
D:\Users\2cool\Desktop\COPTER\pi_copterVS\pi_copterVS\inv_mpu.cpp(999,31): warning : conversion to ‘uint8_t {aka unsigned char}’ from ‘int’ may alter its value [-Wconversion]
D:\Users\2cool\Desktop\COPTER\pi_copterVS\pi_copterVS\inv_mpu.cpp(1000,26): warning : conversion to ‘uint8_t {aka unsigned char}’ from ‘int’ may alter its value [-Wconversion]
D:\Users\2cool\Desktop\COPTER\pi_copterVS\pi_copterVS\inv_mpu.cpp(1001,31): warning : conversion to ‘uint8_t {aka unsigned char}’ from ‘int’ may alter its value [-Wconversion]
D:\Users\2cool\Desktop\COPTER\pi_copterVS\pi_copterVS\inv_mpu.cpp(1002,26): warning : conversion to ‘uint8_t {aka unsigned char}’ from ‘int’ may alter its value [-Wconversion]
D:\Users\2cool\Desktop\COPTER\pi_copterVS\pi_copterVS\inv_mpu.cpp(1003,31): warning : conversion to ‘uint8_t {aka unsigned char}’ from ‘int’ may alter its value [-Wconversion]
D:\Users\2cool\Desktop\COPTER\pi_copterVS\pi_copterVS\inv_mpu.cpp(1004,26): warning : conversion to ‘uint8_t {aka unsigned char}’ from ‘int’ may alter its value [-Wconversion]
D:\Users\2cool\Desktop\COPTER\pi_copterVS\pi_copterVS\inv_mpu.cpp(1137,30): warning : conversion to ‘uint8_t {aka unsigned char}’ from ‘int’ may alter its value [-Wconversion]
D:\Users\2cool\Desktop\COPTER\pi_copterVS\pi_copterVS\inv_mpu.cpp(1166,14): warning : conversion to ‘uint8_t {aka unsigned char}’ from ‘int’ may alter its value [-Wconversion]
D:\Users\2cool\Desktop\COPTER\pi_copterVS\pi_copterVS\inv_mpu.cpp(1204,31): warning : conversion to ‘uint8_t {aka unsigned char}’ from ‘int’ may alter its value [-Wconversion]
D:\Users\2cool\Desktop\COPTER\pi_copterVS\pi_copterVS\inv_mpu.cpp(1314,27): warning : conversion to ‘uint8_t {aka unsigned char}’ from ‘uint16_t {aka short unsigned int}’ may alter its value [-Wconversion]
D:\Users\2cool\Desktop\COPTER\pi_copterVS\pi_copterVS\inv_mpu.cpp(1327,22): warning : conversion to ‘uint8_t {aka unsigned char}’ from ‘int’ may alter its value [-Wconversion]
D:\Users\2cool\Desktop\COPTER\pi_copterVS\pi_copterVS\inv_mpu.cpp(1331,34): warning : conversion to ‘uint16_t {aka short unsigned int}’ from ‘int’ may alter its value [-Wconversion]
D:\Users\2cool\Desktop\COPTER\pi_copterVS\pi_copterVS\inv_mpu.cpp(1338,39): warning : conversion to ‘uint16_t {aka short unsigned int}’ from ‘int’ may alter its value [-Wconversion]
D:\Users\2cool\Desktop\COPTER\pi_copterVS\pi_copterVS\inv_mpu.cpp(1439,15): warning : conversion to ‘uint16_t {aka short unsigned int}’ from ‘int’ may alter its value [-Wconversion]
D:\Users\2cool\Desktop\COPTER\pi_copterVS\pi_copterVS\inv_mpu.h(28,30): warning : conversion to ‘uint8_t {aka unsigned char}’ from ‘int’ may alter its value [-Wconversion]
D:\Users\2cool\Desktop\COPTER\pi_copterVS\pi_copterVS\inv_mpu.cpp(1473,14): message : in expansion of macro ‘INV_XYZ_COMPASS’
D:\Users\2cool\Desktop\COPTER\pi_copterVS\pi_copterVS\inv_mpu.cpp(1504,9): warning : conversion to ‘uint8_t {aka unsigned char}’ from ‘int’ may alter its value [-Wconversion]
D:\Users\2cool\Desktop\COPTER\pi_copterVS\pi_copterVS\inv_mpu.cpp(1549,29): warning : conversion to ‘uint8_t {aka unsigned char}’ from ‘int’ may alter its value [-Wconversion]
D:\Users\2cool\Desktop\COPTER\pi_copterVS\pi_copterVS\inv_mpu.cpp(1620,28): warning : conversion to ‘int16_t {aka short int}’ from ‘int’ may alter its value [-Wconversion]
D:\Users\2cool\Desktop\COPTER\pi_copterVS\pi_copterVS\inv_mpu.cpp(1659,18): warning : conversion to ‘uint8_t {aka unsigned char}’ from ‘int’ may alter its value [-Wconversion]
D:\Users\2cool\Desktop\COPTER\pi_copterVS\pi_copterVS\inv_mpu.cpp(1661,18): warning : conversion to ‘uint8_t {aka unsigned char}’ from ‘int’ may alter its value [-Wconversion]
D:\Users\2cool\Desktop\COPTER\pi_copterVS\pi_copterVS\inv_mpu.cpp(1663,18): warning : conversion to ‘uint8_t {aka unsigned char}’ from ‘int’ may alter its value [-Wconversion]
D:\Users\2cool\Desktop\COPTER\pi_copterVS\pi_copterVS\inv_mpu.cpp(1665,18): warning : conversion to ‘uint8_t {aka unsigned char}’ from ‘int’ may alter its value [-Wconversion]
D:\Users\2cool\Desktop\COPTER\pi_copterVS\pi_copterVS\inv_mpu.cpp(1669,30): warning : conversion to ‘uint16_t {aka short unsigned int}’ from ‘int’ may alter its value [-Wconversion]
D:\Users\2cool\Desktop\COPTER\pi_copterVS\pi_copterVS\inv_mpu.cpp(1689,37): warning : conversion to ‘uint8_t {aka unsigned char}’ from ‘int’ may alter its value [-Wconversion]
D:\Users\2cool\Desktop\COPTER\pi_copterVS\pi_copterVS\inv_mpu.cpp(1694,37): warning : conversion to ‘int16_t {aka short int}’ from ‘int’ may alter its value [-Wconversion]
D:\Users\2cool\Desktop\COPTER\pi_copterVS\pi_copterVS\inv_mpu.cpp(1695,37): warning : conversion to ‘int16_t {aka short int}’ from ‘int’ may alter its value [-Wconversion]
D:\Users\2cool\Desktop\COPTER\pi_copterVS\pi_copterVS\inv_mpu.cpp(1696,37): warning : conversion to ‘int16_t {aka short int}’ from ‘int’ may alter its value [-Wconversion]
D:\Users\2cool\Desktop\COPTER\pi_copterVS\pi_copterVS\inv_mpu.cpp(1698,12): warning : conversion to ‘uint16_t {aka short unsigned int}’ from ‘int’ may alter its value [-Wconversion]
D:\Users\2cool\Desktop\COPTER\pi_copterVS\pi_copterVS\inv_mpu.cpp(1702,36): warning : conversion to ‘int16_t {aka short int}’ from ‘int’ may alter its value [-Wconversion]
D:\Users\2cool\Desktop\COPTER\pi_copterVS\pi_copterVS\inv_mpu.cpp(1704,12): warning : conversion to ‘uint16_t {aka short unsigned int}’ from ‘int’ may alter its value [-Wconversion]
D:\Users\2cool\Desktop\COPTER\pi_copterVS\pi_copterVS\inv_mpu.cpp(1708,36): warning : conversion to ‘int16_t {aka short int}’ from ‘int’ may alter its value [-Wconversion]
D:\Users\2cool\Desktop\COPTER\pi_copterVS\pi_copterVS\inv_mpu.cpp(1710,12): warning : conversion to ‘uint16_t {aka short unsigned int}’ from ‘int’ may alter its value [-Wconversion]
D:\Users\2cool\Desktop\COPTER\pi_copterVS\pi_copterVS\inv_mpu.cpp(1714,36): warning : conversion to ‘int16_t {aka short int}’ from ‘int’ may alter its value [-Wconversion]
D:\Users\2cool\Desktop\COPTER\pi_copterVS\pi_copterVS\inv_mpu.cpp(1716,12): warning : conversion to ‘uint16_t {aka short unsigned int}’ from ‘int’ may alter its value [-Wconversion]
D:\Users\2cool\Desktop\COPTER\pi_copterVS\pi_copterVS\inv_mpu.cpp(1745,29): warning : conversion to ‘uint16_t {aka short unsigned int}’ from ‘int’ may alter its value [-Wconversion]
D:\Users\2cool\Desktop\COPTER\pi_copterVS\pi_copterVS\inv_mpu.cpp(44,48): warning : conversion to ‘uint8_t {aka unsigned char}’ from ‘uint16_t {aka short unsigned int}’ may alter its value [-Wconversion]
D:\Users\2cool\Desktop\COPTER\pi_copterVS\pi_copterVS\inv_mpu.cpp(1766,6): message : in expansion of macro ‘i2c_read’
D:\Users\2cool\Desktop\COPTER\pi_copterVS\pi_copterVS\inv_mpu.cpp(1768,32): warning : conversion to ‘uint8_t {aka unsigned char}’ from ‘int’ may alter its value [-Wconversion]
D:\Users\2cool\Desktop\COPTER\pi_copterVS\pi_copterVS\inv_mpu.cpp(340,34): warning : conversion to ‘uint8_t {aka unsigned char}’ from ‘int’ may alter its value [-Wconversion]
D:\Users\2cool\Desktop\COPTER\pi_copterVS\pi_copterVS\inv_mpu.cpp(1788,11): message : in expansion of macro ‘BIT_AUX_IF_EN’
D:\Users\2cool\Desktop\COPTER\pi_copterVS\pi_copterVS\inv_mpu.cpp(340,34): warning : conversion to ‘uint8_t {aka unsigned char}’ from ‘int’ may alter its value [-Wconversion]
D:\Users\2cool\Desktop\COPTER\pi_copterVS\pi_copterVS\inv_mpu.cpp(1808,12): message : in expansion of macro ‘BIT_AUX_IF_EN’
D:\Users\2cool\Desktop\COPTER\pi_copterVS\pi_copterVS\inv_mpu.cpp(1870,41): warning : conversion to ‘uint8_t {aka unsigned char}’ from ‘int’ may alter its value [-Wconversion]
D:\Users\2cool\Desktop\COPTER\pi_copterVS\pi_copterVS\inv_mpu.cpp(1871,41): warning : conversion to ‘uint8_t {aka unsigned char}’ from ‘int’ may alter its value [-Wconversion]
D:\Users\2cool\Desktop\COPTER\pi_copterVS\pi_copterVS\inv_mpu.cpp(1872,41): warning : conversion to ‘uint8_t {aka unsigned char}’ from ‘int’ may alter its value [-Wconversion]
D:\Users\2cool\Desktop\COPTER\pi_copterVS\pi_copterVS\inv_mpu.cpp(1898,23): warning : conversion to ‘float’ from ‘long int’ may alter its value [-Wconversion]
D:\Users\2cool\Desktop\COPTER\pi_copterVS\pi_copterVS\inv_mpu.cpp(1928,23): warning : conversion to ‘float’ from ‘long int’ may alter its value [-Wconversion]
D:\Users\2cool\Desktop\COPTER\pi_copterVS\pi_copterVS\inv_mpu.cpp(1931,29): warning : conversion to ‘float’ from ‘unsigned int’ may alter its value [-Wconversion]
D:\Users\2cool\Desktop\COPTER\pi_copterVS\pi_copterVS\inv_mpu.cpp(2065,30): warning : conversion to ‘uint16_t {aka short unsigned int}’ from ‘int’ may alter its value [-Wconversion]
D:\Users\2cool\Desktop\COPTER\pi_copterVS\pi_copterVS\inv_mpu.cpp(2066,28): warning : conversion to ‘uint8_t {aka unsigned char}’ from ‘int’ may alter its value [-Wconversion]
D:\Users\2cool\Desktop\COPTER\pi_copterVS\pi_copterVS\inv_mpu.cpp(2075,42): warning : conversion to ‘int16_t {aka short int}’ from ‘int’ may alter its value [-Wconversion]
D:\Users\2cool\Desktop\COPTER\pi_copterVS\pi_copterVS\inv_mpu.cpp(2076,42): warning : conversion to ‘int16_t {aka short int}’ from ‘int’ may alter its value [-Wconversion]
D:\Users\2cool\Desktop\COPTER\pi_copterVS\pi_copterVS\inv_mpu.cpp(2077,42): warning : conversion to ‘int16_t {aka short int}’ from ‘int’ may alter its value [-Wconversion]
D:\Users\2cool\Desktop\COPTER\pi_copterVS\pi_copterVS\inv_mpu.cpp(2081,42): warning : conversion to ‘int16_t {aka short int}’ from ‘int’ may alter its value [-Wconversion]
D:\Users\2cool\Desktop\COPTER\pi_copterVS\pi_copterVS\inv_mpu.cpp(2082,42): warning : conversion to ‘int16_t {aka short int}’ from ‘int’ may alter its value [-Wconversion]
D:\Users\2cool\Desktop\COPTER\pi_copterVS\pi_copterVS\inv_mpu.cpp(2083,43): warning : conversion to ‘int16_t {aka short int}’ from ‘int’ may alter its value [-Wconversion]
D:\Users\2cool\Desktop\COPTER\pi_copterVS\pi_copterVS\inv_mpu.cpp(2115,15): warning : conversion to ‘int32_t {aka int}’ from ‘long int’ may alter its value [-Wconversion]
D:\Users\2cool\Desktop\COPTER\pi_copterVS\pi_copterVS\inv_mpu.cpp(2117,15): warning : conversion to ‘int32_t {aka int}’ from ‘long int’ may alter its value [-Wconversion]
D:\Users\2cool\Desktop\COPTER\pi_copterVS\pi_copterVS\inv_mpu.cpp(2197,32): warning : conversion to ‘uint8_t {aka unsigned char}’ from ‘int’ may alter its value [-Wconversion]
D:\Users\2cool\Desktop\COPTER\pi_copterVS\pi_copterVS\inv_mpu.cpp(2198,30): warning : conversion to ‘uint8_t {aka unsigned char}’ from ‘int’ may alter its value [-Wconversion]
D:\Users\2cool\Desktop\COPTER\pi_copterVS\pi_copterVS\inv_mpu.cpp(2237,9): warning : conversion to ‘uint8_t {aka unsigned char}’ from ‘int’ may alter its value [-Wconversion]
D:\Users\2cool\Desktop\COPTER\pi_copterVS\pi_copterVS\inv_mpu.cpp(2268,58): warning : conversion to ‘uint8_t {aka unsigned char}’ from ‘uint16_t {aka short unsigned int}’ may alter its value [-Wconversion]
D:\Users\2cool\Desktop\COPTER\pi_copterVS\pi_copterVS\inv_mpu.cpp(44,48): warning : conversion to ‘uint8_t {aka unsigned char}’ from ‘uint16_t {aka short unsigned int}’ may alter its value [-Wconversion]
D:\Users\2cool\Desktop\COPTER\pi_copterVS\pi_copterVS\inv_mpu.cpp(2301,6): message : in expansion of macro ‘i2c_read’
D:\Users\2cool\Desktop\COPTER\pi_copterVS\pi_copterVS\inv_mpu.cpp(2332,34): warning : conversion to ‘uint16_t {aka short unsigned int}’ from ‘int’ may alter its value [-Wconversion]
D:\Users\2cool\Desktop\COPTER\pi_copterVS\pi_copterVS\inv_mpu.cpp(42,26): warning : conversion to ‘uint16_t {aka short unsigned int}’ from ‘int’ may alter its value [-Wconversion]
D:\Users\2cool\Desktop\COPTER\pi_copterVS\pi_copterVS\inv_mpu.cpp(2334,16): message : in expansion of macro ‘min’
D:\Users\2cool\Desktop\COPTER\pi_copterVS\pi_copterVS\inv_mpu.cpp(2345,22): warning : conversion to ‘uint8_t {aka unsigned char}’ from ‘int’ may alter its value [-Wconversion]
D:\Users\2cool\Desktop\COPTER\pi_copterVS\pi_copterVS\inv_mpu.cpp(2346,22): warning : conversion to ‘uint8_t {aka unsigned char}’ from ‘int’ may alter its value [-Wconversion]
D:\Users\2cool\Desktop\COPTER\pi_copterVS\pi_copterVS\inv_mpu.cpp(2651,23): warning : conversion to ‘uint8_t {aka unsigned char}’ from ‘int’ may alter its value [-Wconversion]
D:\Users\2cool\Desktop\COPTER\pi_copterVS\pi_copterVS\inv_mpu.cpp(2727,42): warning : conversion to ‘uint8_t {aka unsigned char}’ from ‘int’ may alter its value [-Wconversion]
D:\Users\2cool\Desktop\COPTER\pi_copterVS\pi_copterVS\inv_mpu.cpp(2741,28): warning : conversion to ‘uint8_t {aka unsigned char}’ from ‘int’ may alter its value [-Wconversion]
D:\Users\2cool\Desktop\COPTER\pi_copterVS\pi_copterVS\inv_mpu.cpp(2811,19): warning : comparison between signed and unsigned integer expressions [-Wsign-compare]
D:\Users\2cool\Desktop\COPTER\pi_copterVS\pi_copterVS\inv_mpu.cpp(2410,12): warning : ‘int setup_compass()’ defined but not used [-Wunused-function]
  inv_mpu_dmp_motion_driver.cpp
D:\Users\2cool\Desktop\COPTER\pi_copterVS\pi_copterVS\inv_mpu_dmp_motion_driver.cpp(647,31): warning : conversion to ‘uint16_t {aka short unsigned int}’ from ‘int’ may alter its value [-Wconversion]
D:\Users\2cool\Desktop\COPTER\pi_copterVS\pi_copterVS\inv_mpu_dmp_motion_driver.cpp(773,17): warning : conversion to ‘uint8_t {aka unsigned char}’ from ‘int’ may alter its value [-Wconversion]
D:\Users\2cool\Desktop\COPTER\pi_copterVS\pi_copterVS\inv_mpu_dmp_motion_driver.cpp(787,18): warning : conversion to ‘uint16_t {aka short unsigned int}’ from ‘int’ may alter its value [-Wconversion]
D:\Users\2cool\Desktop\COPTER\pi_copterVS\pi_copterVS\inv_mpu_dmp_motion_driver.cpp(803,18): warning : conversion to ‘uint16_t {aka short unsigned int}’ from ‘int’ may alter its value [-Wconversion]
D:\Users\2cool\Desktop\COPTER\pi_copterVS\pi_copterVS\inv_mpu_dmp_motion_driver.cpp(839,33): warning : conversion to ‘uint16_t {aka short unsigned int}’ from ‘int’ may alter its value [-Wconversion]
D:\Users\2cool\Desktop\COPTER\pi_copterVS\pi_copterVS\inv_mpu_dmp_motion_driver.cpp(840,16): warning : conversion to ‘uint8_t {aka unsigned char}’ from ‘int’ may alter its value [-Wconversion]
D:\Users\2cool\Desktop\COPTER\pi_copterVS\pi_copterVS\inv_mpu_dmp_motion_driver.cpp(841,16): warning : conversion to ‘uint8_t {aka unsigned char}’ from ‘int’ may alter its value [-Wconversion]
D:\Users\2cool\Desktop\COPTER\pi_copterVS\pi_copterVS\inv_mpu_dmp_motion_driver.cpp(857,33): warning : conversion to ‘uint16_t {aka short unsigned int}’ from ‘int’ may alter its value [-Wconversion]
D:\Users\2cool\Desktop\COPTER\pi_copterVS\pi_copterVS\inv_mpu_dmp_motion_driver.cpp(858,16): warning : conversion to ‘uint8_t {aka unsigned char}’ from ‘int’ may alter its value [-Wconversion]
D:\Users\2cool\Desktop\COPTER\pi_copterVS\pi_copterVS\inv_mpu_dmp_motion_driver.cpp(859,16): warning : conversion to ‘uint8_t {aka unsigned char}’ from ‘int’ may alter its value [-Wconversion]
D:\Users\2cool\Desktop\COPTER\pi_copterVS\pi_copterVS\inv_mpu_dmp_motion_driver.cpp(1076,24): warning : conversion to ‘uint8_t {aka unsigned char}’ from ‘int’ may alter its value [-Wconversion]
D:\Users\2cool\Desktop\COPTER\pi_copterVS\pi_copterVS\inv_mpu_dmp_motion_driver.cpp(1078,24): warning : conversion to ‘uint8_t {aka unsigned char}’ from ‘int’ may alter its value [-Wconversion]
D:\Users\2cool\Desktop\COPTER\pi_copterVS\pi_copterVS\inv_mpu_dmp_motion_driver.cpp(1080,24): warning : conversion to ‘uint8_t {aka unsigned char}’ from ‘int’ may alter its value [-Wconversion]
D:\Users\2cool\Desktop\COPTER\pi_copterVS\pi_copterVS\inv_mpu_dmp_motion_driver.cpp(1082,24): warning : conversion to ‘uint8_t {aka unsigned char}’ from ‘int’ may alter its value [-Wconversion]
D:\Users\2cool\Desktop\COPTER\pi_copterVS\pi_copterVS\inv_mpu_dmp_motion_driver.cpp(1186,19): warning : conversion to ‘uint8_t {aka unsigned char}’ from ‘int’ may alter its value [-Wconversion]
D:\Users\2cool\Desktop\COPTER\pi_copterVS\pi_copterVS\inv_mpu_dmp_motion_driver.cpp(1187,21): warning : conversion to ‘uint8_t {aka unsigned char}’ from ‘int’ may alter its value [-Wconversion]
D:\Users\2cool\Desktop\COPTER\pi_copterVS\pi_copterVS\inv_mpu_dmp_motion_driver.cpp(1195,41): warning : conversion to ‘uint8_t {aka unsigned char}’ from ‘int’ may alter its value [-Wconversion]
D:\Users\2cool\Desktop\COPTER\pi_copterVS\pi_copterVS\inv_mpu_dmp_motion_driver.cpp(1277,9): warning : conversion to ‘uint8_t {aka unsigned char}’ from ‘int’ may alter its value [-Wconversion]
D:\Users\2cool\Desktop\COPTER\pi_copterVS\pi_copterVS\inv_mpu_dmp_motion_driver.cpp(1307,50): warning : conversion to ‘int16_t {aka short int}’ from ‘int’ may alter its value [-Wconversion]
D:\Users\2cool\Desktop\COPTER\pi_copterVS\pi_copterVS\inv_mpu_dmp_motion_driver.cpp(1308,50): warning : conversion to ‘int16_t {aka short int}’ from ‘int’ may alter its value [-Wconversion]
D:\Users\2cool\Desktop\COPTER\pi_copterVS\pi_copterVS\inv_mpu_dmp_motion_driver.cpp(1309,50): warning : conversion to ‘int16_t {aka short int}’ from ‘int’ may alter its value [-Wconversion]
D:\Users\2cool\Desktop\COPTER\pi_copterVS\pi_copterVS\inv_mpu_dmp_motion_driver.cpp(1310,9): warning : conversion to ‘uint8_t {aka unsigned char}’ from ‘int’ may alter its value [-Wconversion]
D:\Users\2cool\Desktop\COPTER\pi_copterVS\pi_copterVS\inv_mpu_dmp_motion_driver.cpp(1316,49): warning : conversion to ‘int16_t {aka short int}’ from ‘int’ may alter its value [-Wconversion]
D:\Users\2cool\Desktop\COPTER\pi_copterVS\pi_copterVS\inv_mpu_dmp_motion_driver.cpp(1317,49): warning : conversion to ‘int16_t {aka short int}’ from ‘int’ may alter its value [-Wconversion]
D:\Users\2cool\Desktop\COPTER\pi_copterVS\pi_copterVS\inv_mpu_dmp_motion_driver.cpp(1318,49): warning : conversion to ‘int16_t {aka short int}’ from ‘int’ may alter its value [-Wconversion]
D:\Users\2cool\Desktop\COPTER\pi_copterVS\pi_copterVS\inv_mpu_dmp_motion_driver.cpp(1319,9): warning : conversion to ‘uint8_t {aka unsigned char}’ from ‘int’ may alter its value [-Wconversion]
  Location.cpp
D:\Users\2cool\Desktop\COPTER\pi_copterVS\pi_copterVS\Filter.h(10,20): warning : conversion to ‘float’ alters ‘double’ constant value [-Wfloat-conversion]
D:\Users\2cool\Desktop\COPTER\pi_copterVS\pi_copterVS\helper_3dmath.h(119,14): warning : conversion to ‘float’ from ‘__gnu_cxx::__enable_if<true, double>::__type {aka double}’ may alter its value [-Wfloat-conversion]
D:\Users\2cool\Desktop\COPTER\pi_copterVS\pi_copterVS\helper_3dmath.h(124,8): warning : conversion to ‘int16_t {aka short int}’ from ‘float’ may alter its value [-Wfloat-conversion]
D:\Users\2cool\Desktop\COPTER\pi_copterVS\pi_copterVS\helper_3dmath.h(125,8): warning : conversion to ‘int16_t {aka short int}’ from ‘float’ may alter its value [-Wfloat-conversion]
D:\Users\2cool\Desktop\COPTER\pi_copterVS\pi_copterVS\helper_3dmath.h(126,8): warning : conversion to ‘int16_t {aka short int}’ from ‘float’ may alter its value [-Wfloat-conversion]
D:\Users\2cool\Desktop\COPTER\pi_copterVS\pi_copterVS\helper_3dmath.h(155,9): warning : conversion to ‘int16_t {aka short int}’ from ‘float’ may alter its value [-Wfloat-conversion]
D:\Users\2cool\Desktop\COPTER\pi_copterVS\pi_copterVS\helper_3dmath.h(156,9): warning : conversion to ‘int16_t {aka short int}’ from ‘float’ may alter its value [-Wfloat-conversion]
D:\Users\2cool\Desktop\COPTER\pi_copterVS\pi_copterVS\helper_3dmath.h(157,9): warning : conversion to ‘int16_t {aka short int}’ from ‘float’ may alter its value [-Wfloat-conversion]
D:\Users\2cool\Desktop\COPTER\pi_copterVS\pi_copterVS\Location.cpp(210,41): warning : conversion to ‘unsigned char’ from ‘int’ may alter its value [-Wconversion]
D:\Users\2cool\Desktop\COPTER\pi_copterVS\pi_copterVS\Location.cpp(211,16): warning : conversion to ‘unsigned char’ from ‘int’ may alter its value [-Wconversion]
D:\Users\2cool\Desktop\COPTER\pi_copterVS\pi_copterVS\Location.cpp(320,74): warning : conversion to ‘int’ from ‘ssize_t {aka long int}’ may alter its value [-Wconversion]
D:\Users\2cool\Desktop\COPTER\pi_copterVS\pi_copterVS\Location.cpp(322,6): warning : unused variable ‘t_available_loc’ [-Wunused-variable]
D:\Users\2cool\Desktop\COPTER\pi_copterVS\pi_copterVS\Location.cpp(341,70): warning : conversion to ‘float’ from ‘double’ may alter its value [-Wfloat-conversion]
D:\Users\2cool\Desktop\COPTER\pi_copterVS\pi_copterVS\Location.cpp(345,70): warning : conversion to ‘float’ from ‘double’ may alter its value [-Wfloat-conversion]
D:\Users\2cool\Desktop\COPTER\pi_copterVS\pi_copterVS\Location.cpp(392,1): warning : no return statement in function returning non-void [-Wreturn-type]
D:\Users\2cool\Desktop\COPTER\pi_copterVS\pi_copterVS\Location.cpp(429,25): warning : conversion to ‘float’ from ‘double’ may alter its value [-Wfloat-conversion]
D:\Users\2cool\Desktop\COPTER\pi_copterVS\pi_copterVS\Location.cpp(435,1): warning : no return statement in function returning non-void [-Wreturn-type]
  Log.cpp
D:\Users\2cool\Desktop\COPTER\pi_copterVS\pi_copterVS\Filter.h(10,20): warning : conversion to ‘float’ alters ‘double’ constant value [-Wfloat-conversion]
D:\Users\2cool\Desktop\COPTER\pi_copterVS\pi_copterVS\helper_3dmath.h(119,14): warning : conversion to ‘float’ from ‘__gnu_cxx::__enable_if<true, double>::__type {aka double}’ may alter its value [-Wfloat-conversion]
D:\Users\2cool\Desktop\COPTER\pi_copterVS\pi_copterVS\helper_3dmath.h(124,8): warning : conversion to ‘int16_t {aka short int}’ from ‘float’ may alter its value [-Wfloat-conversion]
D:\Users\2cool\Desktop\COPTER\pi_copterVS\pi_copterVS\helper_3dmath.h(125,8): warning : conversion to ‘int16_t {aka short int}’ from ‘float’ may alter its value [-Wfloat-conversion]
D:\Users\2cool\Desktop\COPTER\pi_copterVS\pi_copterVS\helper_3dmath.h(126,8): warning : conversion to ‘int16_t {aka short int}’ from ‘float’ may alter its value [-Wfloat-conversion]
D:\Users\2cool\Desktop\COPTER\pi_copterVS\pi_copterVS\helper_3dmath.h(155,9): warning : conversion to ‘int16_t {aka short int}’ from ‘float’ may alter its value [-Wfloat-conversion]
D:\Users\2cool\Desktop\COPTER\pi_copterVS\pi_copterVS\helper_3dmath.h(156,9): warning : conversion to ‘int16_t {aka short int}’ from ‘float’ may alter its value [-Wfloat-conversion]
D:\Users\2cool\Desktop\COPTER\pi_copterVS\pi_copterVS\helper_3dmath.h(157,9): warning : conversion to ‘int16_t {aka short int}’ from ‘float’ may alter its value [-Wfloat-conversion]
D:\Users\2cool\Desktop\COPTER\pi_copterVS\pi_copterVS\Log.cpp(154,32): warning : conversion to ‘int’ from ‘long unsigned int’ may alter its value [-Wconversion]
D:\Users\2cool\Desktop\COPTER\pi_copterVS\pi_copterVS\Log.cpp(169,43): warning : conversion to ‘uint8_t {aka unsigned char}’ from ‘long unsigned int’ may alter its value [-Wconversion]
D:\Users\2cool\Desktop\COPTER\pi_copterVS\pi_copterVS\Log.cpp(170,43): warning : conversion to ‘uint8_t {aka unsigned char}’ from ‘long unsigned int’ may alter its value [-Wconversion]
  main.cpp
D:\Users\2cool\Desktop\COPTER\pi_copterVS\pi_copterVS\Filter.h(10,20): warning : conversion to ‘float’ alters ‘double’ constant value [-Wfloat-conversion]
D:\Users\2cool\Desktop\COPTER\pi_copterVS\pi_copterVS\helper_3dmath.h(119,14): warning : conversion to ‘float’ from ‘__gnu_cxx::__enable_if<true, double>::__type {aka double}’ may alter its value [-Wfloat-conversion]
D:\Users\2cool\Desktop\COPTER\pi_copterVS\pi_copterVS\helper_3dmath.h(124,8): warning : conversion to ‘int16_t {aka short int}’ from ‘float’ may alter its value [-Wfloat-conversion]
D:\Users\2cool\Desktop\COPTER\pi_copterVS\pi_copterVS\helper_3dmath.h(125,8): warning : conversion to ‘int16_t {aka short int}’ from ‘float’ may alter its value [-Wfloat-conversion]
D:\Users\2cool\Desktop\COPTER\pi_copterVS\pi_copterVS\helper_3dmath.h(126,8): warning : conversion to ‘int16_t {aka short int}’ from ‘float’ may alter its value [-Wfloat-conversion]
D:\Users\2cool\Desktop\COPTER\pi_copterVS\pi_copterVS\helper_3dmath.h(155,9): warning : conversion to ‘int16_t {aka short int}’ from ‘float’ may alter its value [-Wfloat-conversion]
D:\Users\2cool\Desktop\COPTER\pi_copterVS\pi_copterVS\helper_3dmath.h(156,9): warning : conversion to ‘int16_t {aka short int}’ from ‘float’ may alter its value [-Wfloat-conversion]
D:\Users\2cool\Desktop\COPTER\pi_copterVS\pi_copterVS\helper_3dmath.h(157,9): warning : conversion to ‘int16_t {aka short int}’ from ‘float’ may alter its value [-Wfloat-conversion]
D:\Users\2cool\Desktop\COPTER\pi_copterVS\pi_copterVS\Hmc.h(111,41): warning : conversion to ‘float’ from ‘double’ may alter its value [-Wfloat-conversion]
D:\Users\2cool\Desktop\COPTER\pi_copterVS\pi_copterVS\main.cpp(288,30): warning : conversion to ‘int’ from ‘std::__cxx11::basic_string<char>::size_type {aka long unsigned int}’ may alter its value [-Wconversion]
D:\Users\2cool\Desktop\COPTER\pi_copterVS\pi_copterVS\main.cpp(289,30): warning : conversion to ‘int’ from ‘std::__cxx11::basic_string<char>::size_type {aka long unsigned int}’ may alter its value [-Wconversion]
D:\Users\2cool\Desktop\COPTER\pi_copterVS\pi_copterVS\main.cpp(368,13): warning : unused variable ‘time_past’ [-Wunused-variable]
  mpu.cpp
D:\Users\2cool\Desktop\COPTER\pi_copterVS\pi_copterVS\Filter.h(10,20): warning : conversion to ‘float’ alters ‘double’ constant value [-Wfloat-conversion]
D:\Users\2cool\Desktop\COPTER\pi_copterVS\pi_copterVS\helper_3dmath.h(119,14): warning : conversion to ‘float’ from ‘__gnu_cxx::__enable_if<true, double>::__type {aka double}’ may alter its value [-Wfloat-conversion]
D:\Users\2cool\Desktop\COPTER\pi_copterVS\pi_copterVS\helper_3dmath.h(124,8): warning : conversion to ‘int16_t {aka short int}’ from ‘float’ may alter its value [-Wfloat-conversion]
D:\Users\2cool\Desktop\COPTER\pi_copterVS\pi_copterVS\helper_3dmath.h(125,8): warning : conversion to ‘int16_t {aka short int}’ from ‘float’ may alter its value [-Wfloat-conversion]
D:\Users\2cool\Desktop\COPTER\pi_copterVS\pi_copterVS\helper_3dmath.h(126,8): warning : conversion to ‘int16_t {aka short int}’ from ‘float’ may alter its value [-Wfloat-conversion]
D:\Users\2cool\Desktop\COPTER\pi_copterVS\pi_copterVS\helper_3dmath.h(155,9): warning : conversion to ‘int16_t {aka short int}’ from ‘float’ may alter its value [-Wfloat-conversion]
D:\Users\2cool\Desktop\COPTER\pi_copterVS\pi_copterVS\helper_3dmath.h(156,9): warning : conversion to ‘int16_t {aka short int}’ from ‘float’ may alter its value [-Wfloat-conversion]
D:\Users\2cool\Desktop\COPTER\pi_copterVS\pi_copterVS\helper_3dmath.h(157,9): warning : conversion to ‘int16_t {aka short int}’ from ‘float’ may alter its value [-Wfloat-conversion]
D:\Users\2cool\Desktop\COPTER\pi_copterVS\pi_copterVS\Hmc.h(111,41): warning : conversion to ‘float’ from ‘double’ may alter its value [-Wfloat-conversion]
D:\Users\2cool\Desktop\COPTER\pi_copterVS\pi_copterVS\mpu.cpp(70,70): warning : conversion to ‘float’ from ‘double’ may alter its value [-Wfloat-conversion]
D:\Users\2cool\Desktop\COPTER\pi_copterVS\pi_copterVS\mpu.cpp(72,69): warning : conversion to ‘float’ from ‘double’ may alter its value [-Wfloat-conversion]
D:\Users\2cool\Desktop\COPTER\pi_copterVS\pi_copterVS\mpu.cpp(74,45): warning : conversion to ‘float’ from ‘double’ may alter its value [-Wfloat-conversion]
D:\Users\2cool\Desktop\COPTER\pi_copterVS\pi_copterVS\mpu.cpp(75,45): warning : conversion to ‘float’ from ‘double’ may alter its value [-Wfloat-conversion]
D:\Users\2cool\Desktop\COPTER\pi_copterVS\pi_copterVS\mpu.cpp(78,42): warning : conversion to ‘float’ from ‘double’ may alter its value [-Wfloat-conversion]
D:\Users\2cool\Desktop\COPTER\pi_copterVS\pi_copterVS\mpu.cpp(81,42): warning : conversion to ‘float’ from ‘double’ may alter its value [-Wfloat-conversion]
D:\Users\2cool\Desktop\COPTER\pi_copterVS\pi_copterVS\mpu.cpp(92,15): warning : conversion to ‘float’ from ‘__gnu_cxx::__promote_2<double, float, double, float>::__type {aka double}’ may alter its value [-Wfloat-conversion]
D:\Users\2cool\Desktop\COPTER\pi_copterVS\pi_copterVS\mpu.cpp(93,14): warning : conversion to ‘float’ from ‘__gnu_cxx::__promote_2<double, float, double, float>::__type {aka double}’ may alter its value [-Wfloat-conversion]
D:\Users\2cool\Desktop\COPTER\pi_copterVS\pi_copterVS\mpu.cpp(113,25): warning : conversion to ‘float’ from ‘double’ may alter its value [-Wfloat-conversion]
D:\Users\2cool\Desktop\COPTER\pi_copterVS\pi_copterVS\mpu.cpp(114,24): warning : conversion to ‘float’ from ‘double’ may alter its value [-Wfloat-conversion]
D:\Users\2cool\Desktop\COPTER\pi_copterVS\pi_copterVS\mpu.cpp(217,11): warning : conversion to ‘float’ alters ‘double’ constant value [-Wfloat-conversion]
D:\Users\2cool\Desktop\COPTER\pi_copterVS\pi_copterVS\mpu.cpp(219,8): warning : conversion to ‘float’ alters ‘double’ constant value [-Wfloat-conversion]
D:\Users\2cool\Desktop\COPTER\pi_copterVS\pi_copterVS\mpu.cpp(223,17): warning : conversion to ‘float’ alters ‘double’ constant value [-Wfloat-conversion]
D:\Users\2cool\Desktop\COPTER\pi_copterVS\pi_copterVS\mpu.cpp(362,20): warning : conversion to ‘float’ alters ‘double’ constant value [-Wfloat-conversion]
D:\Users\2cool\Desktop\COPTER\pi_copterVS\pi_copterVS\mpu.cpp(381,9): warning : unused variable ‘raccX’ [-Wunused-variable]
D:\Users\2cool\Desktop\COPTER\pi_copterVS\pi_copterVS\mpu.cpp(382,9): warning : unused variable ‘raccY’ [-Wunused-variable]
D:\Users\2cool\Desktop\COPTER\pi_copterVS\pi_copterVS\mpu.cpp(399,45): warning : conversion to ‘float’ from ‘double’ may alter its value [-Wfloat-conversion]
D:\Users\2cool\Desktop\COPTER\pi_copterVS\pi_copterVS\mpu.cpp(402,7): warning : conversion to ‘float’ alters ‘double’ constant value [-Wfloat-conversion]
D:\Users\2cool\Desktop\COPTER\pi_copterVS\pi_copterVS\mpu.cpp(403,12): warning : conversion to ‘float’ from ‘double’ may alter its value [-Wfloat-conversion]
D:\Users\2cool\Desktop\COPTER\pi_copterVS\pi_copterVS\mpu.cpp(406,8): warning : conversion to ‘float’ alters ‘double’ constant value [-Wfloat-conversion]
D:\Users\2cool\Desktop\COPTER\pi_copterVS\pi_copterVS\mpu.cpp(428,53): warning : conversion to ‘float’ from ‘double’ may alter its value [-Wfloat-conversion]
D:\Users\2cool\Desktop\COPTER\pi_copterVS\pi_copterVS\define.h(130,29): warning : conversion to ‘float’ from ‘double’ may alter its value [-Wfloat-conversion]
D:\Users\2cool\Desktop\COPTER\pi_copterVS\pi_copterVS\mpu.cpp(430,8): message : in expansion of macro ‘wrap_PI’
D:\Users\2cool\Desktop\COPTER\pi_copterVS\pi_copterVS\define.h(130,29): warning : conversion to ‘float’ from ‘double’ may alter its value [-Wfloat-conversion]
D:\Users\2cool\Desktop\COPTER\pi_copterVS\pi_copterVS\mpu.cpp(430,8): message : in expansion of macro ‘wrap_PI’
D:\Users\2cool\Desktop\COPTER\pi_copterVS\pi_copterVS\define.h(130,29): warning : conversion to ‘float’ from ‘double’ may alter its value [-Wfloat-conversion]
D:\Users\2cool\Desktop\COPTER\pi_copterVS\pi_copterVS\mpu.cpp(430,8): message : in expansion of macro ‘wrap_PI’
D:\Users\2cool\Desktop\COPTER\pi_copterVS\pi_copterVS\define.h(26,18): warning : conversion to ‘float’ from ‘double’ may alter its value [-Wfloat-conversion]
D:\Users\2cool\Desktop\COPTER\pi_copterVS\pi_copterVS\mpu.cpp(443,9): message : in expansion of macro ‘RAD2GRAD’
D:\Users\2cool\Desktop\COPTER\pi_copterVS\pi_copterVS\define.h(26,18): warning : conversion to ‘float’ from ‘double’ may alter its value [-Wfloat-conversion]
D:\Users\2cool\Desktop\COPTER\pi_copterVS\pi_copterVS\mpu.cpp(444,11): message : in expansion of macro ‘RAD2GRAD’
D:\Users\2cool\Desktop\COPTER\pi_copterVS\pi_copterVS\define.h(26,18): warning : conversion to ‘float’ from ‘double’ may alter its value [-Wfloat-conversion]
D:\Users\2cool\Desktop\COPTER\pi_copterVS\pi_copterVS\mpu.cpp(445,10): message : in expansion of macro ‘RAD2GRAD’
D:\Users\2cool\Desktop\COPTER\pi_copterVS\pi_copterVS\mpu.cpp(32,20): warning : ‘const float f_constrain(float, float, float)’ defined but not used [-Wunused-function]
  MPU6050.cpp
D:\Users\2cool\Desktop\COPTER\pi_copterVS\pi_copterVS\Filter.h(10,20): warning : conversion to ‘float’ alters ‘double’ constant value [-Wfloat-conversion]
D:\Users\2cool\Desktop\COPTER\pi_copterVS\pi_copterVS\helper_3dmath.h(119,14): warning : conversion to ‘float’ from ‘__gnu_cxx::__enable_if<true, double>::__type {aka double}’ may alter its value [-Wfloat-conversion]
D:\Users\2cool\Desktop\COPTER\pi_copterVS\pi_copterVS\helper_3dmath.h(124,8): warning : conversion to ‘int16_t {aka short int}’ from ‘float’ may alter its value [-Wfloat-conversion]
D:\Users\2cool\Desktop\COPTER\pi_copterVS\pi_copterVS\helper_3dmath.h(125,8): warning : conversion to ‘int16_t {aka short int}’ from ‘float’ may alter its value [-Wfloat-conversion]
D:\Users\2cool\Desktop\COPTER\pi_copterVS\pi_copterVS\helper_3dmath.h(126,8): warning : conversion to ‘int16_t {aka short int}’ from ‘float’ may alter its value [-Wfloat-conversion]
D:\Users\2cool\Desktop\COPTER\pi_copterVS\pi_copterVS\helper_3dmath.h(155,9): warning : conversion to ‘int16_t {aka short int}’ from ‘float’ may alter its value [-Wfloat-conversion]
D:\Users\2cool\Desktop\COPTER\pi_copterVS\pi_copterVS\helper_3dmath.h(156,9): warning : conversion to ‘int16_t {aka short int}’ from ‘float’ may alter its value [-Wfloat-conversion]
D:\Users\2cool\Desktop\COPTER\pi_copterVS\pi_copterVS\helper_3dmath.h(157,9): warning : conversion to ‘int16_t {aka short int}’ from ‘float’ may alter its value [-Wfloat-conversion]
D:\Users\2cool\Desktop\COPTER\pi_copterVS\pi_copterVS\MPU6050.cpp(257,27): warning : conversion to ‘uint8_t {aka unsigned char}’ from ‘int’ may alter its value [-Wconversion]
D:\Users\2cool\Desktop\COPTER\pi_copterVS\pi_copterVS\MPU6050.cpp(267,27): warning : conversion to ‘uint8_t {aka unsigned char}’ from ‘int’ may alter its value [-Wconversion]
D:\Users\2cool\Desktop\COPTER\pi_copterVS\pi_copterVS\MPU6050.cpp(276,27): warning : conversion to ‘uint8_t {aka unsigned char}’ from ‘int’ may alter its value [-Wconversion]
D:\Users\2cool\Desktop\COPTER\pi_copterVS\pi_copterVS\MPU6050.cpp(953,48): warning : conversion to ‘uint8_t {aka unsigned char}’ from ‘int’ may alter its value [-Wconversion]
D:\Users\2cool\Desktop\COPTER\pi_copterVS\pi_copterVS\MPU6050.cpp(964,49): warning : conversion to ‘uint8_t {aka unsigned char}’ from ‘int’ may alter its value [-Wconversion]
D:\Users\2cool\Desktop\COPTER\pi_copterVS\pi_copterVS\MPU6050.cpp(979,47): warning : conversion to ‘uint8_t {aka unsigned char}’ from ‘int’ may alter its value [-Wconversion]
D:\Users\2cool\Desktop\COPTER\pi_copterVS\pi_copterVS\MPU6050.cpp(990,48): warning : conversion to ‘uint8_t {aka unsigned char}’ from ‘int’ may alter its value [-Wconversion]
D:\Users\2cool\Desktop\COPTER\pi_copterVS\pi_copterVS\MPU6050.cpp(1001,47): warning : conversion to ‘uint8_t {aka unsigned char}’ from ‘int’ may alter its value [-Wconversion]
D:\Users\2cool\Desktop\COPTER\pi_copterVS\pi_copterVS\MPU6050.cpp(1012,48): warning : conversion to ‘uint8_t {aka unsigned char}’ from ‘int’ may alter its value [-Wconversion]
D:\Users\2cool\Desktop\COPTER\pi_copterVS\pi_copterVS\MPU6050.cpp(1027,47): warning : conversion to ‘uint8_t {aka unsigned char}’ from ‘int’ may alter its value [-Wconversion]
D:\Users\2cool\Desktop\COPTER\pi_copterVS\pi_copterVS\MPU6050.cpp(1038,48): warning : conversion to ‘uint8_t {aka unsigned char}’ from ‘int’ may alter its value [-Wconversion]
D:\Users\2cool\Desktop\COPTER\pi_copterVS\pi_copterVS\MPU6050.cpp(1052,47): warning : conversion to ‘uint8_t {aka unsigned char}’ from ‘int’ may alter its value [-Wconversion]
D:\Users\2cool\Desktop\COPTER\pi_copterVS\pi_copterVS\MPU6050.cpp(1063,48): warning : conversion to ‘uint8_t {aka unsigned char}’ from ‘int’ may alter its value [-Wconversion]
D:\Users\2cool\Desktop\COPTER\pi_copterVS\pi_copterVS\MPU6050.cpp(1078,47): warning : conversion to ‘uint8_t {aka unsigned char}’ from ‘int’ may alter its value [-Wconversion]
D:\Users\2cool\Desktop\COPTER\pi_copterVS\pi_copterVS\MPU6050.cpp(1089,48): warning : conversion to ‘uint8_t {aka unsigned char}’ from ‘int’ may alter its value [-Wconversion]
D:\Users\2cool\Desktop\COPTER\pi_copterVS\pi_copterVS\MPU6050.cpp(1100,48): warning : conversion to ‘uint8_t {aka unsigned char}’ from ‘int’ may alter its value [-Wconversion]
D:\Users\2cool\Desktop\COPTER\pi_copterVS\pi_copterVS\MPU6050.cpp(1111,49): warning : conversion to ‘uint8_t {aka unsigned char}’ from ‘int’ may alter its value [-Wconversion]
D:\Users\2cool\Desktop\COPTER\pi_copterVS\pi_copterVS\MPU6050.cpp(1786,39): warning : conversion to ‘int16_t {aka short int}’ from ‘int’ may alter its value [-Wconversion]
D:\Users\2cool\Desktop\COPTER\pi_copterVS\pi_copterVS\MPU6050.cpp(1787,39): warning : conversion to ‘int16_t {aka short int}’ from ‘int’ may alter its value [-Wconversion]
D:\Users\2cool\Desktop\COPTER\pi_copterVS\pi_copterVS\MPU6050.cpp(1788,39): warning : conversion to ‘int16_t {aka short int}’ from ‘int’ may alter its value [-Wconversion]
D:\Users\2cool\Desktop\COPTER\pi_copterVS\pi_copterVS\MPU6050.cpp(1789,39): warning : conversion to ‘int16_t {aka short int}’ from ‘int’ may alter its value [-Wconversion]
D:\Users\2cool\Desktop\COPTER\pi_copterVS\pi_copterVS\MPU6050.cpp(1790,40): warning : conversion to ‘int16_t {aka short int}’ from ‘int’ may alter its value [-Wconversion]
D:\Users\2cool\Desktop\COPTER\pi_copterVS\pi_copterVS\MPU6050.cpp(1791,40): warning : conversion to ‘int16_t {aka short int}’ from ‘int’ may alter its value [-Wconversion]
D:\Users\2cool\Desktop\COPTER\pi_copterVS\pi_copterVS\MPU6050.cpp(1831,38): warning : conversion to ‘int16_t {aka short int}’ from ‘int’ may alter its value [-Wconversion]
D:\Users\2cool\Desktop\COPTER\pi_copterVS\pi_copterVS\MPU6050.cpp(1832,38): warning : conversion to ‘int16_t {aka short int}’ from ‘int’ may alter its value [-Wconversion]
D:\Users\2cool\Desktop\COPTER\pi_copterVS\pi_copterVS\MPU6050.cpp(1833,38): warning : conversion to ‘int16_t {aka short int}’ from ‘int’ may alter its value [-Wconversion]
D:\Users\2cool\Desktop\COPTER\pi_copterVS\pi_copterVS\MPU6050.cpp(1842,40): warning : conversion to ‘int16_t {aka short int}’ from ‘int’ may alter its value [-Wconversion]
D:\Users\2cool\Desktop\COPTER\pi_copterVS\pi_copterVS\MPU6050.cpp(1851,40): warning : conversion to ‘int16_t {aka short int}’ from ‘int’ may alter its value [-Wconversion]
D:\Users\2cool\Desktop\COPTER\pi_copterVS\pi_copterVS\MPU6050.cpp(1860,40): warning : conversion to ‘int16_t {aka short int}’ from ‘int’ may alter its value [-Wconversion]
D:\Users\2cool\Desktop\COPTER\pi_copterVS\pi_copterVS\MPU6050.cpp(1871,40): warning : conversion to ‘int16_t {aka short int}’ from ‘int’ may alter its value [-Wconversion]
D:\Users\2cool\Desktop\COPTER\pi_copterVS\pi_copterVS\MPU6050.cpp(1910,38): warning : conversion to ‘int16_t {aka short int}’ from ‘int’ may alter its value [-Wconversion]
D:\Users\2cool\Desktop\COPTER\pi_copterVS\pi_copterVS\MPU6050.cpp(1911,38): warning : conversion to ‘int16_t {aka short int}’ from ‘int’ may alter its value [-Wconversion]
D:\Users\2cool\Desktop\COPTER\pi_copterVS\pi_copterVS\MPU6050.cpp(1912,38): warning : conversion to ‘int16_t {aka short int}’ from ‘int’ may alter its value [-Wconversion]
D:\Users\2cool\Desktop\COPTER\pi_copterVS\pi_copterVS\MPU6050.cpp(1921,40): warning : conversion to ‘int16_t {aka short int}’ from ‘int’ may alter its value [-Wconversion]
D:\Users\2cool\Desktop\COPTER\pi_copterVS\pi_copterVS\MPU6050.cpp(1930,40): warning : conversion to ‘int16_t {aka short int}’ from ‘int’ may alter its value [-Wconversion]
D:\Users\2cool\Desktop\COPTER\pi_copterVS\pi_copterVS\MPU6050.cpp(1939,40): warning : conversion to ‘int16_t {aka short int}’ from ‘int’ may alter its value [-Wconversion]
D:\Users\2cool\Desktop\COPTER\pi_copterVS\pi_copterVS\MPU6050.cpp(2019,51): warning : conversion to ‘uint8_t {aka unsigned char}’ from ‘int’ may alter its value [-Wconversion]
D:\Users\2cool\Desktop\COPTER\pi_copterVS\pi_copterVS\MPU6050.cpp(2028,52): warning : conversion to ‘uint8_t {aka unsigned char}’ from ‘int’ may alter its value [-Wconversion]
D:\Users\2cool\Desktop\COPTER\pi_copterVS\pi_copterVS\MPU6050.cpp(2029,41): warning : conversion to ‘uint16_t {aka short unsigned int}’ from ‘int’ may alter its value [-Wconversion]
D:\Users\2cool\Desktop\COPTER\pi_copterVS\pi_copterVS\MPU6050.cpp(2037,52): warning : conversion to ‘uint8_t {aka unsigned char}’ from ‘int’ may alter its value [-Wconversion]
D:\Users\2cool\Desktop\COPTER\pi_copterVS\pi_copterVS\MPU6050.cpp(2127,47): warning : conversion to ‘uint8_t {aka unsigned char}’ from ‘int’ may alter its value [-Wconversion]
D:\Users\2cool\Desktop\COPTER\pi_copterVS\pi_copterVS\MPU6050.cpp(2701,41): warning : conversion to ‘uint16_t {aka short unsigned int}’ from ‘int’ may alter its value [-Wconversion]
D:\Users\2cool\Desktop\COPTER\pi_copterVS\pi_copterVS\MPU6050.cpp(2845,40): warning : conversion to ‘int16_t {aka short int}’ from ‘int’ may alter its value [-Wconversion]
D:\Users\2cool\Desktop\COPTER\pi_copterVS\pi_copterVS\MPU6050.cpp(2855,40): warning : conversion to ‘int16_t {aka short int}’ from ‘int’ may alter its value [-Wconversion]
D:\Users\2cool\Desktop\COPTER\pi_copterVS\pi_copterVS\MPU6050.cpp(2865,40): warning : conversion to ‘int16_t {aka short int}’ from ‘int’ may alter its value [-Wconversion]
D:\Users\2cool\Desktop\COPTER\pi_copterVS\pi_copterVS\MPU6050.cpp(2875,40): warning : conversion to ‘int16_t {aka short int}’ from ‘int’ may alter its value [-Wconversion]
D:\Users\2cool\Desktop\COPTER\pi_copterVS\pi_copterVS\MPU6050.cpp(2885,40): warning : conversion to ‘int16_t {aka short int}’ from ‘int’ may alter its value [-Wconversion]
D:\Users\2cool\Desktop\COPTER\pi_copterVS\pi_copterVS\MPU6050.cpp(2895,40): warning : conversion to ‘int16_t {aka short int}’ from ‘int’ may alter its value [-Wconversion]
D:\Users\2cool\Desktop\COPTER\pi_copterVS\pi_copterVS\MPU6050.cpp(3002,60): warning : conversion to ‘uint8_t {aka unsigned char}’ from ‘int’ may alter its value [-Wconversion]
D:\Users\2cool\Desktop\COPTER\pi_copterVS\pi_copterVS\MPU6050.cpp(3005,56): warning : conversion to ‘uint8_t {aka unsigned char}’ from ‘int’ may alter its value [-Wconversion]
D:\Users\2cool\Desktop\COPTER\pi_copterVS\pi_copterVS\MPU6050.cpp(3011,14): warning : conversion to ‘uint16_t {aka short unsigned int}’ from ‘int’ may alter its value [-Wconversion]
D:\Users\2cool\Desktop\COPTER\pi_copterVS\pi_copterVS\MPU6050.cpp(3014,20): warning : conversion to ‘uint8_t {aka unsigned char}’ from ‘int’ may alter its value [-Wconversion]
D:\Users\2cool\Desktop\COPTER\pi_copterVS\pi_copterVS\MPU6050.cpp(3039,60): warning : conversion to ‘uint8_t {aka unsigned char}’ from ‘int’ may alter its value [-Wconversion]
D:\Users\2cool\Desktop\COPTER\pi_copterVS\pi_copterVS\MPU6050.cpp(3042,56): warning : conversion to ‘uint8_t {aka unsigned char}’ from ‘int’ may alter its value [-Wconversion]
D:\Users\2cool\Desktop\COPTER\pi_copterVS\pi_copterVS\MPU6050.cpp(3067,14): warning : conversion to ‘uint16_t {aka short unsigned int}’ from ‘int’ may alter its value [-Wconversion]
D:\Users\2cool\Desktop\COPTER\pi_copterVS\pi_copterVS\MPU6050.cpp(3070,20): warning : conversion to ‘uint8_t {aka unsigned char}’ from ‘int’ may alter its value [-Wconversion]
D:\Users\2cool\Desktop\COPTER\pi_copterVS\pi_copterVS\MPU6050.cpp(3118,18): warning : conversion to ‘uint16_t {aka short unsigned int}’ from ‘int’ may alter its value [-Wconversion]
  mpu_umulator.cpp
D:\Users\2cool\Desktop\COPTER\pi_copterVS\pi_copterVS\mpu_umulator.cpp(154): warning : "wrap_PI" redefined
D:\Users\2cool\Desktop\COPTER\pi_copterVS\pi_copterVS\define.h(130): message : this is the location of the previous definition
D:\Users\2cool\Desktop\COPTER\pi_copterVS\pi_copterVS\Filter.h(10,20): warning : conversion to ‘float’ alters ‘double’ constant value [-Wfloat-conversion]
D:\Users\2cool\Desktop\COPTER\pi_copterVS\pi_copterVS\helper_3dmath.h(119,14): warning : conversion to ‘float’ from ‘__gnu_cxx::__enable_if<true, double>::__type {aka double}’ may alter its value [-Wfloat-conversion]
D:\Users\2cool\Desktop\COPTER\pi_copterVS\pi_copterVS\helper_3dmath.h(124,8): warning : conversion to ‘int16_t {aka short int}’ from ‘float’ may alter its value [-Wfloat-conversion]
D:\Users\2cool\Desktop\COPTER\pi_copterVS\pi_copterVS\helper_3dmath.h(125,8): warning : conversion to ‘int16_t {aka short int}’ from ‘float’ may alter its value [-Wfloat-conversion]
D:\Users\2cool\Desktop\COPTER\pi_copterVS\pi_copterVS\helper_3dmath.h(126,8): warning : conversion to ‘int16_t {aka short int}’ from ‘float’ may alter its value [-Wfloat-conversion]
D:\Users\2cool\Desktop\COPTER\pi_copterVS\pi_copterVS\helper_3dmath.h(155,9): warning : conversion to ‘int16_t {aka short int}’ from ‘float’ may alter its value [-Wfloat-conversion]
D:\Users\2cool\Desktop\COPTER\pi_copterVS\pi_copterVS\helper_3dmath.h(156,9): warning : conversion to ‘int16_t {aka short int}’ from ‘float’ may alter its value [-Wfloat-conversion]
D:\Users\2cool\Desktop\COPTER\pi_copterVS\pi_copterVS\helper_3dmath.h(157,9): warning : conversion to ‘int16_t {aka short int}’ from ‘float’ may alter its value [-Wfloat-conversion]
D:\Users\2cool\Desktop\COPTER\pi_copterVS\pi_copterVS\Hmc.h(111,41): warning : conversion to ‘float’ from ‘double’ may alter its value [-Wfloat-conversion]
D:\Users\2cool\Desktop\COPTER\pi_copterVS\pi_copterVS\mpu_umulator.cpp(32,22): warning : conversion to ‘float’ from ‘uint32_t {aka unsigned int}’ may alter its value [-Wconversion]
D:\Users\2cool\Desktop\COPTER\pi_copterVS\pi_copterVS\mpu_umulator.cpp(40,42): warning : conversion to ‘float’ from ‘double’ may alter its value [-Wfloat-conversion]
D:\Users\2cool\Desktop\COPTER\pi_copterVS\pi_copterVS\mpu_umulator.cpp(42,22): warning : conversion to ‘float’ from ‘uint32_t {aka unsigned int}’ may alter its value [-Wconversion]
D:\Users\2cool\Desktop\COPTER\pi_copterVS\pi_copterVS\mpu_umulator.cpp(104,39): warning : conversion to ‘float’ from ‘double’ may alter its value [-Wfloat-conversion]
D:\Users\2cool\Desktop\COPTER\pi_copterVS\pi_copterVS\mpu_umulator.cpp(105,40): warning : conversion to ‘float’ from ‘double’ may alter its value [-Wfloat-conversion]
D:\Users\2cool\Desktop\COPTER\pi_copterVS\pi_copterVS\mpu_umulator.cpp(115,23): warning : suggest parentheses around comparison in operand of ‘&’ [-Wparentheses]
D:\Users\2cool\Desktop\COPTER\pi_copterVS\pi_copterVS\mpu_umulator.cpp(118,36): warning : conversion to ‘float’ from ‘double’ may alter its value [-Wfloat-conversion]
D:\Users\2cool\Desktop\COPTER\pi_copterVS\pi_copterVS\mpu_umulator.cpp(121,23): warning : suggest parentheses around comparison in operand of ‘&’ [-Wparentheses]
D:\Users\2cool\Desktop\COPTER\pi_copterVS\pi_copterVS\mpu_umulator.cpp(124,41): warning : conversion to ‘float’ from ‘double’ may alter its value [-Wfloat-conversion]
D:\Users\2cool\Desktop\COPTER\pi_copterVS\pi_copterVS\mpu_umulator.cpp(128,23): warning : suggest parentheses around comparison in operand of ‘&’ [-Wparentheses]
D:\Users\2cool\Desktop\COPTER\pi_copterVS\pi_copterVS\mpu_umulator.cpp(135,34): warning : conversion to ‘float’ from ‘double’ may alter its value [-Wfloat-conversion]
D:\Users\2cool\Desktop\COPTER\pi_copterVS\pi_copterVS\mpu_umulator.cpp(137,44): warning : conversion to ‘float’ from ‘double’ may alter its value [-Wfloat-conversion]
D:\Users\2cool\Desktop\COPTER\pi_copterVS\pi_copterVS\mpu_umulator.cpp(138,46): warning : conversion to ‘float’ from ‘double’ may alter its value [-Wfloat-conversion]
D:\Users\2cool\Desktop\COPTER\pi_copterVS\pi_copterVS\mpu_umulator.cpp(167,9): warning : conversion to ‘float’ from ‘double’ may alter its value [-Wfloat-conversion]
D:\Users\2cool\Desktop\COPTER\pi_copterVS\pi_copterVS\mpu_umulator.cpp(201,19): warning : conversion to ‘float’ alters ‘double’ constant value [-Wfloat-conversion]
D:\Users\2cool\Desktop\COPTER\pi_copterVS\pi_copterVS\mpu_umulator.cpp(204,25): warning : conversion to ‘float’ from ‘double’ may alter its value [-Wfloat-conversion]
D:\Users\2cool\Desktop\COPTER\pi_copterVS\pi_copterVS\mpu_umulator.cpp(205,26): warning : self-comparison always evaluates to true [-Wtautological-compare]
D:\Users\2cool\Desktop\COPTER\pi_copterVS\pi_copterVS\mpu_umulator.cpp(205,26): warning : suggest parentheses around comparison in operand of ‘&’ [-Wparentheses]
D:\Users\2cool\Desktop\COPTER\pi_copterVS\pi_copterVS\mpu_umulator.cpp(206,24): warning : conversion to ‘float’ from ‘double’ may alter its value [-Wfloat-conversion]
D:\Users\2cool\Desktop\COPTER\pi_copterVS\pi_copterVS\mpu_umulator.cpp(208,44): warning : conversion to ‘float’ from ‘double’ may alter its value [-Wfloat-conversion]
D:\Users\2cool\Desktop\COPTER\pi_copterVS\pi_copterVS\mpu_umulator.cpp(209,26): warning : self-comparison always evaluates to true [-Wtautological-compare]
D:\Users\2cool\Desktop\COPTER\pi_copterVS\pi_copterVS\mpu_umulator.cpp(209,26): warning : suggest parentheses around comparison in operand of ‘&’ [-Wparentheses]
D:\Users\2cool\Desktop\COPTER\pi_copterVS\pi_copterVS\mpu_umulator.cpp(210,24): warning : conversion to ‘float’ from ‘double’ may alter its value [-Wfloat-conversion]
D:\Users\2cool\Desktop\COPTER\pi_copterVS\pi_copterVS\mpu_umulator.cpp(212,44): warning : conversion to ‘float’ from ‘double’ may alter its value [-Wfloat-conversion]
D:\Users\2cool\Desktop\COPTER\pi_copterVS\pi_copterVS\mpu_umulator.cpp(201,14): warning : unused variable ‘dt’ [-Wunused-variable]
D:\Users\2cool\Desktop\COPTER\pi_copterVS\pi_copterVS\mpu_umulator.cpp(315,32): warning : conversion to ‘float’ from ‘double’ may alter its value [-Wfloat-conversion]
D:\Users\2cool\Desktop\COPTER\pi_copterVS\pi_copterVS\mpu_umulator.cpp(445,25): warning : conversion to ‘float’ from ‘double’ may alter its value [-Wfloat-conversion]
D:\Users\2cool\Desktop\COPTER\pi_copterVS\pi_copterVS\mpu_umulator.cpp(446,25): warning : conversion to ‘float’ from ‘double’ may alter its value [-Wfloat-conversion]
  MS5611.cpp
D:\Users\2cool\Desktop\COPTER\pi_copterVS\pi_copterVS\Filter.h(10,20): warning : conversion to ‘float’ alters ‘double’ constant value [-Wfloat-conversion]
D:\Users\2cool\Desktop\COPTER\pi_copterVS\pi_copterVS\helper_3dmath.h(119,14): warning : conversion to ‘float’ from ‘__gnu_cxx::__enable_if<true, double>::__type {aka double}’ may alter its value [-Wfloat-conversion]
D:\Users\2cool\Desktop\COPTER\pi_copterVS\pi_copterVS\helper_3dmath.h(124,8): warning : conversion to ‘int16_t {aka short int}’ from ‘float’ may alter its value [-Wfloat-conversion]
D:\Users\2cool\Desktop\COPTER\pi_copterVS\pi_copterVS\helper_3dmath.h(125,8): warning : conversion to ‘int16_t {aka short int}’ from ‘float’ may alter its value [-Wfloat-conversion]
D:\Users\2cool\Desktop\COPTER\pi_copterVS\pi_copterVS\helper_3dmath.h(126,8): warning : conversion to ‘int16_t {aka short int}’ from ‘float’ may alter its value [-Wfloat-conversion]
D:\Users\2cool\Desktop\COPTER\pi_copterVS\pi_copterVS\helper_3dmath.h(155,9): warning : conversion to ‘int16_t {aka short int}’ from ‘float’ may alter its value [-Wfloat-conversion]
D:\Users\2cool\Desktop\COPTER\pi_copterVS\pi_copterVS\helper_3dmath.h(156,9): warning : conversion to ‘int16_t {aka short int}’ from ‘float’ may alter its value [-Wfloat-conversion]
D:\Users\2cool\Desktop\COPTER\pi_copterVS\pi_copterVS\helper_3dmath.h(157,9): warning : conversion to ‘int16_t {aka short int}’ from ‘float’ may alter its value [-Wfloat-conversion]
D:\Users\2cool\Desktop\COPTER\pi_copterVS\pi_copterVS\MS5611.cpp(22,21): warning : conversion to ‘uint16_t {aka short unsigned int}’ from ‘int’ may alter its value [-Wconversion]
D:\Users\2cool\Desktop\COPTER\pi_copterVS\pi_copterVS\MS5611.cpp(45,10): warning : conversion to ‘int’ from ‘ssize_t {aka long int}’ may alter its value [-Wconversion]
D:\Users\2cool\Desktop\COPTER\pi_copterVS\pi_copterVS\Hmc.h(111,41): warning : conversion to ‘float’ from ‘double’ may alter its value [-Wfloat-conversion]
D:\Users\2cool\Desktop\COPTER\pi_copterVS\pi_copterVS\MS5611.cpp(171,19): warning : conversion to ‘float’ alters ‘double’ constant value [-Wfloat-conversion]
D:\Users\2cool\Desktop\COPTER\pi_copterVS\pi_copterVS\MS5611.cpp(199,12): warning : conversion to ‘float’ alters ‘double’ constant value [-Wfloat-conversion]
D:\Users\2cool\Desktop\COPTER\pi_copterVS\pi_copterVS\MS5611.cpp(261,16): warning : comparison between signed and unsigned integer expressions [-Wsign-compare]
D:\Users\2cool\Desktop\COPTER\pi_copterVS\pi_copterVS\MS5611.cpp(289,15): warning : conversion to ‘int’ from ‘ssize_t {aka long int}’ may alter its value [-Wconversion]
D:\Users\2cool\Desktop\COPTER\pi_copterVS\pi_copterVS\MS5611.cpp(324,16): warning : comparison between signed and unsigned integer expressions [-Wsign-compare]
D:\Users\2cool\Desktop\COPTER\pi_copterVS\pi_copterVS\MS5611.cpp(347,15): warning : conversion to ‘int’ from ‘ssize_t {aka long int}’ may alter its value [-Wconversion]
D:\Users\2cool\Desktop\COPTER\pi_copterVS\pi_copterVS\MS5611.cpp(373,15): warning : conversion to ‘int32_t {aka int}’ from ‘int64_t {aka long int}’ may alter its value [-Wconversion]
D:\Users\2cool\Desktop\COPTER\pi_copterVS\pi_copterVS\MS5611.cpp(385,27): warning : conversion to ‘int32_t {aka int}’ from ‘__gnu_cxx::__promote_2<double, int, double, double>::__type {aka double}’ may alter its value [-Wfloat-conversion]
D:\Users\2cool\Desktop\COPTER\pi_copterVS\pi_copterVS\MS5611.cpp(401,44): warning : conversion to ‘int32_t {aka int}’ from ‘int64_t {aka long int}’ may alter its value [-Wconversion]
D:\Users\2cool\Desktop\COPTER\pi_copterVS\pi_copterVS\MS5611.cpp(403,29): warning : conversion to ‘double’ from ‘long unsigned int’ may alter its value [-Wconversion]
D:\Users\2cool\Desktop\COPTER\pi_copterVS\pi_copterVS\MS5611.cpp(403,40): warning : conversion to ‘float’ from ‘double’ may alter its value [-Wfloat-conversion]
D:\Users\2cool\Desktop\COPTER\pi_copterVS\pi_copterVS\MS5611.cpp(410,26): warning : conversion to ‘float’ from ‘int32_t {aka int}’ may alter its value [-Wconversion]
D:\Users\2cool\Desktop\COPTER\pi_copterVS\pi_copterVS\MS5611.cpp(410,25): warning : conversion to ‘float’ from ‘double’ may alter its value [-Wfloat-conversion]
D:\Users\2cool\Desktop\COPTER\pi_copterVS\pi_copterVS\MS5611.cpp(411,27): warning : conversion to ‘float’ from ‘int32_t {aka int}’ may alter its value [-Wconversion]
D:\Users\2cool\Desktop\COPTER\pi_copterVS\pi_copterVS\MS5611.cpp(411,26): warning : conversion to ‘float’ from ‘double’ may alter its value [-Wfloat-conversion]
D:\Users\2cool\Desktop\COPTER\pi_copterVS\pi_copterVS\MS5611.cpp(439,36): warning : conversion to ‘float’ from ‘double’ may alter its value [-Wfloat-conversion]
D:\Users\2cool\Desktop\COPTER\pi_copterVS\pi_copterVS\WProgram.h(41,45): warning : conversion to ‘float’ alters ‘double’ constant value [-Wfloat-conversion]
D:\Users\2cool\Desktop\COPTER\pi_copterVS\pi_copterVS\MS5611.cpp(446,11): message : in expansion of macro ‘constrain’
D:\Users\2cool\Desktop\COPTER\pi_copterVS\pi_copterVS\WProgram.h(41,45): warning : conversion to ‘float’ from ‘double’ may alter its value [-Wfloat-conversion]
D:\Users\2cool\Desktop\COPTER\pi_copterVS\pi_copterVS\MS5611.cpp(446,11): message : in expansion of macro ‘constrain’
D:\Users\2cool\Desktop\COPTER\pi_copterVS\pi_copterVS\MS5611.cpp(452,40): warning : conversion to ‘float’ from ‘double’ may alter its value [-Wfloat-conversion]
D:\Users\2cool\Desktop\COPTER\pi_copterVS\pi_copterVS\MS5611.cpp(476,23): warning : conversion to ‘float’ from ‘double’ may alter its value [-Wfloat-conversion]
D:\Users\2cool\Desktop\COPTER\pi_copterVS\pi_copterVS\MS5611.cpp(201,1): warning : control reaches end of non-void function [-Wreturn-type]
  Prog.cpp
D:\Users\2cool\Desktop\COPTER\pi_copterVS\pi_copterVS\Filter.h(10,20): warning : conversion to ‘float’ alters ‘double’ constant value [-Wfloat-conversion]
D:\Users\2cool\Desktop\COPTER\pi_copterVS\pi_copterVS\helper_3dmath.h(119,14): warning : conversion to ‘float’ from ‘__gnu_cxx::__enable_if<true, double>::__type {aka double}’ may alter its value [-Wfloat-conversion]
D:\Users\2cool\Desktop\COPTER\pi_copterVS\pi_copterVS\helper_3dmath.h(124,8): warning : conversion to ‘int16_t {aka short int}’ from ‘float’ may alter its value [-Wfloat-conversion]
D:\Users\2cool\Desktop\COPTER\pi_copterVS\pi_copterVS\helper_3dmath.h(125,8): warning : conversion to ‘int16_t {aka short int}’ from ‘float’ may alter its value [-Wfloat-conversion]
D:\Users\2cool\Desktop\COPTER\pi_copterVS\pi_copterVS\helper_3dmath.h(126,8): warning : conversion to ‘int16_t {aka short int}’ from ‘float’ may alter its value [-Wfloat-conversion]
D:\Users\2cool\Desktop\COPTER\pi_copterVS\pi_copterVS\helper_3dmath.h(155,9): warning : conversion to ‘int16_t {aka short int}’ from ‘float’ may alter its value [-Wfloat-conversion]
D:\Users\2cool\Desktop\COPTER\pi_copterVS\pi_copterVS\helper_3dmath.h(156,9): warning : conversion to ‘int16_t {aka short int}’ from ‘float’ may alter its value [-Wfloat-conversion]
D:\Users\2cool\Desktop\COPTER\pi_copterVS\pi_copterVS\helper_3dmath.h(157,9): warning : conversion to ‘int16_t {aka short int}’ from ‘float’ may alter its value [-Wfloat-conversion]
D:\Users\2cool\Desktop\COPTER\pi_copterVS\pi_copterVS\WProgram.h(39,26): warning : conversion to ‘float’ from ‘double’ may alter its value [-Wfloat-conversion]
D:\Users\2cool\Desktop\COPTER\pi_copterVS\pi_copterVS\Prog.cpp(67,25): message : in expansion of macro ‘max’
D:\Users\2cool\Desktop\COPTER\pi_copterVS\pi_copterVS\WProgram.h(39,26): warning : conversion to ‘float’ from ‘double’ may alter its value [-Wfloat-conversion]
D:\Users\2cool\Desktop\COPTER\pi_copterVS\pi_copterVS\Prog.cpp(67,25): message : in expansion of macro ‘max’
D:\Users\2cool\Desktop\COPTER\pi_copterVS\pi_copterVS\Prog.cpp(94,56): warning : conversion to ‘float’ from ‘int’ may alter its value [-Wconversion]
D:\Users\2cool\Desktop\COPTER\pi_copterVS\pi_copterVS\Prog.cpp(101,17): warning : conversion to ‘int32_t {aka int}’ from ‘long int’ may alter its value [-Wconversion]
D:\Users\2cool\Desktop\COPTER\pi_copterVS\pi_copterVS\Prog.cpp(102,17): warning : conversion to ‘int32_t {aka int}’ from ‘long int’ may alter its value [-Wconversion]
D:\Users\2cool\Desktop\COPTER\pi_copterVS\pi_copterVS\Prog.cpp(109,40): warning : conversion to ‘float’ from ‘double’ may alter its value [-Wfloat-conversion]
D:\Users\2cool\Desktop\COPTER\pi_copterVS\pi_copterVS\Prog.cpp(110,40): warning : conversion to ‘float’ from ‘double’ may alter its value [-Wfloat-conversion]
D:\Users\2cool\Desktop\COPTER\pi_copterVS\pi_copterVS\Prog.cpp(132,38): warning : conversion to ‘float’ from ‘double’ may alter its value [-Wfloat-conversion]
D:\Users\2cool\Desktop\COPTER\pi_copterVS\pi_copterVS\Prog.cpp(133,38): warning : conversion to ‘float’ from ‘double’ may alter its value [-Wfloat-conversion]
D:\Users\2cool\Desktop\COPTER\pi_copterVS\pi_copterVS\Prog.cpp(163,17): warning : conversion to ‘int32_t {aka int}’ from ‘long int’ may alter its value [-Wconversion]
D:\Users\2cool\Desktop\COPTER\pi_copterVS\pi_copterVS\Prog.cpp(164,17): warning : conversion to ‘int32_t {aka int}’ from ‘long int’ may alter its value [-Wconversion]
D:\Users\2cool\Desktop\COPTER\pi_copterVS\pi_copterVS\Prog.cpp(238,37): warning : conversion to ‘float’ from ‘double’ may alter its value [-Wfloat-conversion]
D:\Users\2cool\Desktop\COPTER\pi_copterVS\pi_copterVS\Prog.cpp(239,37): warning : conversion to ‘float’ from ‘double’ may alter its value [-Wfloat-conversion]
D:\Users\2cool\Desktop\COPTER\pi_copterVS\pi_copterVS\Prog.cpp(240,37): warning : conversion to ‘float’ from ‘double’ may alter its value [-Wfloat-conversion]
D:\Users\2cool\Desktop\COPTER\pi_copterVS\pi_copterVS\Prog.cpp(241,37): warning : conversion to ‘float’ from ‘double’ may alter its value [-Wfloat-conversion]
D:\Users\2cool\Desktop\COPTER\pi_copterVS\pi_copterVS\Prog.cpp(450,20): warning : conversion to ‘uint16_t {aka short unsigned int}’ from ‘int’ may alter its value [-Wconversion]
  Pwm.cpp
D:\Users\2cool\Desktop\COPTER\pi_copterVS\pi_copterVS\Filter.h(10,20): warning : conversion to ‘float’ alters ‘double’ constant value [-Wfloat-conversion]
D:\Users\2cool\Desktop\COPTER\pi_copterVS\pi_copterVS\helper_3dmath.h(119,14): warning : conversion to ‘float’ from ‘__gnu_cxx::__enable_if<true, double>::__type {aka double}’ may alter its value [-Wfloat-conversion]
D:\Users\2cool\Desktop\COPTER\pi_copterVS\pi_copterVS\helper_3dmath.h(124,8): warning : conversion to ‘int16_t {aka short int}’ from ‘float’ may alter its value [-Wfloat-conversion]
D:\Users\2cool\Desktop\COPTER\pi_copterVS\pi_copterVS\helper_3dmath.h(125,8): warning : conversion to ‘int16_t {aka short int}’ from ‘float’ may alter its value [-Wfloat-conversion]
D:\Users\2cool\Desktop\COPTER\pi_copterVS\pi_copterVS\helper_3dmath.h(126,8): warning : conversion to ‘int16_t {aka short int}’ from ‘float’ may alter its value [-Wfloat-conversion]
D:\Users\2cool\Desktop\COPTER\pi_copterVS\pi_copterVS\helper_3dmath.h(155,9): warning : conversion to ‘int16_t {aka short int}’ from ‘float’ may alter its value [-Wfloat-conversion]
D:\Users\2cool\Desktop\COPTER\pi_copterVS\pi_copterVS\helper_3dmath.h(156,9): warning : conversion to ‘int16_t {aka short int}’ from ‘float’ may alter its value [-Wfloat-conversion]
D:\Users\2cool\Desktop\COPTER\pi_copterVS\pi_copterVS\helper_3dmath.h(157,9): warning : conversion to ‘int16_t {aka short int}’ from ‘float’ may alter its value [-Wfloat-conversion]
D:\Users\2cool\Desktop\COPTER\pi_copterVS\pi_copterVS\Pwm.cpp(183,15): warning : conversion to ‘float’ from ‘double’ may alter its value [-Wfloat-conversion]
D:\Users\2cool\Desktop\COPTER\pi_copterVS\pi_copterVS\Pwm.cpp(184,14): warning : conversion to ‘float’ from ‘double’ may alter its value [-Wfloat-conversion]
  RC_Filter.cpp
  Settings.cpp
D:\Users\2cool\Desktop\COPTER\pi_copterVS\pi_copterVS\Filter.h(10,20): warning : conversion to ‘float’ alters ‘double’ constant value [-Wfloat-conversion]
D:\Users\2cool\Desktop\COPTER\pi_copterVS\pi_copterVS\helper_3dmath.h(119,14): warning : conversion to ‘float’ from ‘__gnu_cxx::__enable_if<true, double>::__type {aka double}’ may alter its value [-Wfloat-conversion]
D:\Users\2cool\Desktop\COPTER\pi_copterVS\pi_copterVS\helper_3dmath.h(124,8): warning : conversion to ‘int16_t {aka short int}’ from ‘float’ may alter its value [-Wfloat-conversion]
D:\Users\2cool\Desktop\COPTER\pi_copterVS\pi_copterVS\helper_3dmath.h(125,8): warning : conversion to ‘int16_t {aka short int}’ from ‘float’ may alter its value [-Wfloat-conversion]
D:\Users\2cool\Desktop\COPTER\pi_copterVS\pi_copterVS\helper_3dmath.h(126,8): warning : conversion to ‘int16_t {aka short int}’ from ‘float’ may alter its value [-Wfloat-conversion]
D:\Users\2cool\Desktop\COPTER\pi_copterVS\pi_copterVS\helper_3dmath.h(155,9): warning : conversion to ‘int16_t {aka short int}’ from ‘float’ may alter its value [-Wfloat-conversion]
D:\Users\2cool\Desktop\COPTER\pi_copterVS\pi_copterVS\helper_3dmath.h(156,9): warning : conversion to ‘int16_t {aka short int}’ from ‘float’ may alter its value [-Wfloat-conversion]
D:\Users\2cool\Desktop\COPTER\pi_copterVS\pi_copterVS\helper_3dmath.h(157,9): warning : conversion to ‘int16_t {aka short int}’ from ‘float’ may alter its value [-Wfloat-conversion]
D:\Users\2cool\Desktop\COPTER\pi_copterVS\pi_copterVS\Settings.cpp(54,1): warning : no return statement in function returning non-void [-Wreturn-type]
D:\Users\2cool\Desktop\COPTER\pi_copterVS\pi_copterVS\Settings.cpp(59,1): warning : no return statement in function returning non-void [-Wreturn-type]
D:\Users\2cool\Desktop\COPTER\pi_copterVS\pi_copterVS\Settings.cpp(64,1): warning : no return statement in function returning non-void [-Wreturn-type]
D:\Users\2cool\Desktop\COPTER\pi_copterVS\pi_copterVS\Settings.cpp(69,1): warning : no return statement in function returning non-void [-Wreturn-type]
  Stabilization.cpp
D:\Users\2cool\Desktop\COPTER\pi_copterVS\pi_copterVS\Filter.h(10,20): warning : conversion to ‘float’ alters ‘double’ constant value [-Wfloat-conversion]
D:\Users\2cool\Desktop\COPTER\pi_copterVS\pi_copterVS\helper_3dmath.h(119,14): warning : conversion to ‘float’ from ‘__gnu_cxx::__enable_if<true, double>::__type {aka double}’ may alter its value [-Wfloat-conversion]
D:\Users\2cool\Desktop\COPTER\pi_copterVS\pi_copterVS\helper_3dmath.h(124,8): warning : conversion to ‘int16_t {aka short int}’ from ‘float’ may alter its value [-Wfloat-conversion]
D:\Users\2cool\Desktop\COPTER\pi_copterVS\pi_copterVS\helper_3dmath.h(125,8): warning : conversion to ‘int16_t {aka short int}’ from ‘float’ may alter its value [-Wfloat-conversion]
D:\Users\2cool\Desktop\COPTER\pi_copterVS\pi_copterVS\helper_3dmath.h(126,8): warning : conversion to ‘int16_t {aka short int}’ from ‘float’ may alter its value [-Wfloat-conversion]
D:\Users\2cool\Desktop\COPTER\pi_copterVS\pi_copterVS\helper_3dmath.h(155,9): warning : conversion to ‘int16_t {aka short int}’ from ‘float’ may alter its value [-Wfloat-conversion]
D:\Users\2cool\Desktop\COPTER\pi_copterVS\pi_copterVS\helper_3dmath.h(156,9): warning : conversion to ‘int16_t {aka short int}’ from ‘float’ may alter its value [-Wfloat-conversion]
D:\Users\2cool\Desktop\COPTER\pi_copterVS\pi_copterVS\helper_3dmath.h(157,9): warning : conversion to ‘int16_t {aka short int}’ from ‘float’ may alter its value [-Wfloat-conversion]
D:\Users\2cool\Desktop\COPTER\pi_copterVS\pi_copterVS\Hmc.h(111,41): warning : conversion to ‘float’ from ‘double’ may alter its value [-Wfloat-conversion]
D:\Users\2cool\Desktop\COPTER\pi_copterVS\pi_copterVS\Stabilization.cpp(39,14): warning : conversion to ‘float’ alters ‘double’ constant value [-Wfloat-conversion]
D:\Users\2cool\Desktop\COPTER\pi_copterVS\pi_copterVS\Stabilization.cpp(40,15): warning : conversion to ‘float’ alters ‘double’ constant value [-Wfloat-conversion]
D:\Users\2cool\Desktop\COPTER\pi_copterVS\pi_copterVS\Stabilization.cpp(55,14): warning : conversion to ‘float’ alters ‘double’ constant value [-Wfloat-conversion]
D:\Users\2cool\Desktop\COPTER\pi_copterVS\pi_copterVS\Stabilization.cpp(56,13): warning : conversion to ‘float’ alters ‘double’ constant value [-Wfloat-conversion]
D:\Users\2cool\Desktop\COPTER\pi_copterVS\pi_copterVS\Stabilization.cpp(71,19): warning : conversion to ‘float’ from ‘double’ may alter its value [-Wfloat-conversion]
D:\Users\2cool\Desktop\COPTER\pi_copterVS\pi_copterVS\Stabilization.cpp(102,15): warning : conversion to ‘float’ from ‘double’ may alter its value [-Wfloat-conversion]
D:\Users\2cool\Desktop\COPTER\pi_copterVS\pi_copterVS\Stabilization.cpp(103,15): warning : conversion to ‘float’ from ‘double’ may alter its value [-Wfloat-conversion]
D:\Users\2cool\Desktop\COPTER\pi_copterVS\pi_copterVS\Stabilization.cpp(128,26): warning : conversion to ‘float’ from ‘double’ may alter its value [-Wfloat-conversion]
D:\Users\2cool\Desktop\COPTER\pi_copterVS\pi_copterVS\Stabilization.cpp(129,38): warning : conversion to ‘float’ from ‘double’ may alter its value [-Wfloat-conversion]
D:\Users\2cool\Desktop\COPTER\pi_copterVS\pi_copterVS\Stabilization.cpp(131,26): warning : conversion to ‘float’ from ‘double’ may alter its value [-Wfloat-conversion]
D:\Users\2cool\Desktop\COPTER\pi_copterVS\pi_copterVS\Stabilization.cpp(132,38): warning : conversion to ‘float’ from ‘double’ may alter its value [-Wfloat-conversion]
D:\Users\2cool\Desktop\COPTER\pi_copterVS\pi_copterVS\WProgram.h(40,22): warning : conversion to ‘float’ from ‘double’ may alter its value [-Wfloat-conversion]
D:\Users\2cool\Desktop\COPTER\pi_copterVS\pi_copterVS\Stabilization.cpp(156,11): message : in expansion of macro ‘abs’
D:\Users\2cool\Desktop\COPTER\pi_copterVS\pi_copterVS\WProgram.h(40,22): warning : conversion to ‘float’ from ‘double’ may alter its value [-Wfloat-conversion]
D:\Users\2cool\Desktop\COPTER\pi_copterVS\pi_copterVS\Stabilization.cpp(156,11): message : in expansion of macro ‘abs’
D:\Users\2cool\Desktop\COPTER\pi_copterVS\pi_copterVS\WProgram.h(40,22): warning : conversion to ‘float’ from ‘double’ may alter its value [-Wfloat-conversion]
D:\Users\2cool\Desktop\COPTER\pi_copterVS\pi_copterVS\Stabilization.cpp(159,11): message : in expansion of macro ‘abs’
D:\Users\2cool\Desktop\COPTER\pi_copterVS\pi_copterVS\WProgram.h(40,22): warning : conversion to ‘float’ from ‘double’ may alter its value [-Wfloat-conversion]
D:\Users\2cool\Desktop\COPTER\pi_copterVS\pi_copterVS\Stabilization.cpp(159,11): message : in expansion of macro ‘abs’
D:\Users\2cool\Desktop\COPTER\pi_copterVS\pi_copterVS\Stabilization.cpp(252,28): warning : conversion to ‘float’ from ‘double’ may alter its value [-Wfloat-conversion]
D:\Users\2cool\Desktop\COPTER\pi_copterVS\pi_copterVS\Stabilization.cpp(276,79): warning : conversion to ‘float’ from ‘double’ may alter its value [-Wfloat-conversion]
  Telemetry.cpp
D:\Users\2cool\Desktop\COPTER\pi_copterVS\pi_copterVS\Filter.h(10,20): warning : conversion to ‘float’ alters ‘double’ constant value [-Wfloat-conversion]
D:\Users\2cool\Desktop\COPTER\pi_copterVS\pi_copterVS\helper_3dmath.h(119,14): warning : conversion to ‘float’ from ‘__gnu_cxx::__enable_if<true, double>::__type {aka double}’ may alter its value [-Wfloat-conversion]
D:\Users\2cool\Desktop\COPTER\pi_copterVS\pi_copterVS\helper_3dmath.h(124,8): warning : conversion to ‘int16_t {aka short int}’ from ‘float’ may alter its value [-Wfloat-conversion]
D:\Users\2cool\Desktop\COPTER\pi_copterVS\pi_copterVS\helper_3dmath.h(125,8): warning : conversion to ‘int16_t {aka short int}’ from ‘float’ may alter its value [-Wfloat-conversion]
D:\Users\2cool\Desktop\COPTER\pi_copterVS\pi_copterVS\helper_3dmath.h(126,8): warning : conversion to ‘int16_t {aka short int}’ from ‘float’ may alter its value [-Wfloat-conversion]
D:\Users\2cool\Desktop\COPTER\pi_copterVS\pi_copterVS\helper_3dmath.h(155,9): warning : conversion to ‘int16_t {aka short int}’ from ‘float’ may alter its value [-Wfloat-conversion]
D:\Users\2cool\Desktop\COPTER\pi_copterVS\pi_copterVS\helper_3dmath.h(156,9): warning : conversion to ‘int16_t {aka short int}’ from ‘float’ may alter its value [-Wfloat-conversion]
D:\Users\2cool\Desktop\COPTER\pi_copterVS\pi_copterVS\helper_3dmath.h(157,9): warning : conversion to ‘int16_t {aka short int}’ from ‘float’ may alter its value [-Wfloat-conversion]
D:\Users\2cool\Desktop\COPTER\pi_copterVS\pi_copterVS\Hmc.h(111,41): warning : conversion to ‘float’ from ‘double’ may alter its value [-Wfloat-conversion]
D:\Users\2cool\Desktop\COPTER\pi_copterVS\pi_copterVS\Telemetry.cpp(93,11): warning : unused variable ‘power_on_time’ [-Wunused-variable]
D:\Users\2cool\Desktop\COPTER\pi_copterVS\pi_copterVS\Telemetry.cpp(344,23): warning : conversion to ‘int32_t {aka int}’ from ‘long int’ may alter its value [-Wconversion]
D:\Users\2cool\Desktop\COPTER\pi_copterVS\pi_copterVS\Telemetry.cpp(345,23): warning : conversion to ‘int32_t {aka int}’ from ‘long int’ may alter its value [-Wconversion]
D:\Users\2cool\Desktop\COPTER\pi_copterVS\pi_copterVS\Telemetry.cpp(375,30): warning : conversion to ‘int16_t {aka short int}’ from ‘std::__cxx11::basic_string<char>::size_type {aka long unsigned int}’ may alter its value [-Wconversion]
D:\Users\2cool\Desktop\COPTER\pi_copterVS\pi_copterVS\Telemetry.cpp(377,23): warning : conversion to ‘int’ from ‘std::__cxx11::basic_string<char>::size_type {aka long unsigned int}’ may alter its value [-Wconversion]
D:\Users\2cool\Desktop\COPTER\pi_copterVS\pi_copterVS\Telemetry.cpp(396,20): warning : conversion to ‘int16_t {aka short int}’ from ‘int’ may alter its value [-Wconversion]
  Wi_Fi.cpp
D:\Users\2cool\Desktop\COPTER\pi_copterVS\pi_copterVS\Filter.h(10,20): warning : conversion to ‘float’ alters ‘double’ constant value [-Wfloat-conversion]
D:\Users\2cool\Desktop\COPTER\pi_copterVS\pi_copterVS\helper_3dmath.h(119,14): warning : conversion to ‘float’ from ‘__gnu_cxx::__enable_if<true, double>::__type {aka double}’ may alter its value [-Wfloat-conversion]
D:\Users\2cool\Desktop\COPTER\pi_copterVS\pi_copterVS\helper_3dmath.h(124,8): warning : conversion to ‘int16_t {aka short int}’ from ‘float’ may alter its value [-Wfloat-conversion]
D:\Users\2cool\Desktop\COPTER\pi_copterVS\pi_copterVS\helper_3dmath.h(125,8): warning : conversion to ‘int16_t {aka short int}’ from ‘float’ may alter its value [-Wfloat-conversion]
D:\Users\2cool\Desktop\COPTER\pi_copterVS\pi_copterVS\helper_3dmath.h(126,8): warning : conversion to ‘int16_t {aka short int}’ from ‘float’ may alter its value [-Wfloat-conversion]
D:\Users\2cool\Desktop\COPTER\pi_copterVS\pi_copterVS\helper_3dmath.h(155,9): warning : conversion to ‘int16_t {aka short int}’ from ‘float’ may alter its value [-Wfloat-conversion]
D:\Users\2cool\Desktop\COPTER\pi_copterVS\pi_copterVS\helper_3dmath.h(156,9): warning : conversion to ‘int16_t {aka short int}’ from ‘float’ may alter its value [-Wfloat-conversion]
D:\Users\2cool\Desktop\COPTER\pi_copterVS\pi_copterVS\helper_3dmath.h(157,9): warning : conversion to ‘int16_t {aka short int}’ from ‘float’ may alter its value [-Wfloat-conversion]
D:\Users\2cool\Desktop\COPTER\pi_copterVS\pi_copterVS\Wi_Fi.cpp(77,1): warning : no return statement in function returning non-void [-Wreturn-type]
D:\Users\2cool\Desktop\COPTER\pi_copterVS\pi_copterVS\Wi_Fi.cpp(93,12): warning : conversion to ‘int’ from ‘ssize_t {aka long int}’ may alter its value [-Wconversion]
D:\Users\2cool\Desktop\COPTER\pi_copterVS\pi_copterVS\Wi_Fi.cpp(111,14): warning : conversion to ‘int’ from ‘ssize_t {aka long int}’ may alter its value [-Wconversion]
D:\Users\2cool\Desktop\COPTER\pi_copterVS\pi_copterVS\Wi_Fi.cpp(176,39): warning : conversion to ‘uint16_t {aka short unsigned int}’ from ‘int’ may alter its value [-Wconversion]
  WProgram.cpp
D:\Users\2cool\Desktop\COPTER\pi_copterVS\pi_copterVS\WProgram.cpp(13,21): warning : conversion to ‘uint32_t {aka unsigned int}’ from ‘__time_t {aka long int}’ may alter its value [-Wconversion]
D:\Users\2cool\Desktop\COPTER\pi_copterVS\pi_copterVS\WProgram.cpp(14,37): warning : conversion to ‘uint32_t {aka unsigned int}’ from ‘__time_t {aka long int}’ may alter its value [-Wconversion]
D:\Users\2cool\Desktop\COPTER\pi_copterVS\pi_copterVS\WProgram.cpp(25,21): warning : conversion to ‘uint32_t {aka unsigned int}’ from ‘__time_t {aka long int}’ may alter its value [-Wconversion]
D:\Users\2cool\Desktop\COPTER\pi_copterVS\pi_copterVS\WProgram.cpp(33,10): warning : conversion to ‘__useconds_t {aka unsigned int}’ from ‘long unsigned int’ may alter its value [-Wconversion]
  Linking objects
  pi_copterVS.vcxproj -> D:\Users\2cool\Desktop\COPTER\pi_copterVS\pi_copterVS\bin\x64\Debug\pi_copterVS.out
